Discarded solution information
Set parameter LogFile to value "CE-01.log"
Gurobi Optimizer version 9.5.2 build v9.5.2rc0 (win64)
Thread count: 4 physical cores, 8 logical processors, using up to 8 threads
Optimize a model with 6606 rows, 10330 columns and 32730 nonzeros
Model fingerprint: 0xf41aeb5f
Variable types: 6810 continuous, 3520 integer (3360 binary)
Coefficient statistics:
  Matrix range     [1e+00, 1e+03]
  Objective range  [1e+00, 1e+00]
  Bounds range     [1e+00, 1e+00]
  RHS range        [1e+00, 1e+03]
Found heuristic solution: objective 525.0000000
Presolve removed 0 rows and 40 columns
Presolve time: 0.03s
Presolved: 6606 rows, 10290 columns, 32690 nonzeros
Variable types: 0 continuous, 10290 integer (3360 binary)

Root relaxation: objective 0.000000e+00, 1210 iterations, 0.07 seconds (0.13 work units)

    Nodes    |    Current Node    |     Objective Bounds      |     Work
 Expl Unexpl |  Obj  Depth IntInf | Incumbent    BestBd   Gap | It/Node Time

     0     0    0.00000    0    4  525.00000    0.00000   100%     -    0s
H    0     0                      12.0000000    0.00000   100%     -    0s
     0     0    0.00000    0    4   12.00000    0.00000   100%     -    0s
H    0     0                      10.0000000    0.00000   100%     -    0s
H    0     0                       7.0000000    0.00000   100%     -    0s
H    0     0                       1.0000000    0.00000   100%     -    1s
H    0     0                       0.0000000    0.00000  0.00%     -    1s

Cutting planes:
  Gomory: 1
  MIR: 2
  Relax-and-lift: 1

Explored 1 nodes (3365 simplex iterations) in 1.25 seconds (1.13 work units)
Thread count was 8 (of 8 available processors)

Solution count 6: 0 1 7 ... 525

Optimal solution found (tolerance 1.00e-04)
Best objective 0.000000000000e+00, best bound 0.000000000000e+00, gap 0.0000%

Solve phase I feasrelax model to determine minimal relaxation

Optimize a model with 6606 rows, 10330 columns and 32730 nonzeros
Model fingerprint: 0xd2d95160
Variable types: 6810 continuous, 3520 integer (3360 binary)
Coefficient statistics:
  Matrix range     [1e+00, 1e+03]
  Objective range  [1e+00, 1e+00]
  Bounds range     [1e+00, 1e+00]
  RHS range        [1e+00, 1e+03]
Found heuristic solution: objective 525.0000000
Presolve removed 0 rows and 40 columns
Presolve time: 0.03s
Presolved: 6606 rows, 10290 columns, 32690 nonzeros
Variable types: 0 continuous, 10290 integer (3360 binary)

Root relaxation: objective 0.000000e+00, 1964 iterations, 0.17 seconds (0.36 work units)

    Nodes    |    Current Node    |     Objective Bounds      |     Work
 Expl Unexpl |  Obj  Depth IntInf | Incumbent    BestBd   Gap | It/Node Time

     0     0    0.00000    0   11  525.00000    0.00000   100%     -    0s
H    0     0                     247.0000000    0.00000   100%     -    0s
H    0     0                      30.0000000    0.00000   100%     -    0s
H    0     0                       3.0000000    0.00000   100%     -    0s
     0     0    0.00000    0  178    3.00000    0.00000   100%     -    0s
H    0     0                       0.0000000    0.00000  0.00%     -    0s
     0     0    0.00000    0  178    0.00000    0.00000  0.00%     -    0s

Explored 1 nodes (8756 simplex iterations) in 0.95 seconds (1.20 work units)
Thread count was 8 (of 8 available processors)

Solution count 5: 0 3 30 ... 525

Optimal solution found (tolerance 1.00e-04)
Best objective 0.000000000000e+00, best bound 0.000000000000e+00, gap 0.0000%
Set parameter TimeLimit to value 3600
Gurobi Optimizer version 9.5.2 build v9.5.2rc0 (win64)
Thread count: 4 physical cores, 8 logical processors, using up to 8 threads
Optimize a model with 6607 rows, 10330 columns and 39540 nonzeros
Model fingerprint: 0xa4bec380
Variable types: 6810 continuous, 3520 integer (3360 binary)
Coefficient statistics:
  Matrix range     [1e+00, 1e+03]
  Objective range  [2e-01, 8e+00]
  Bounds range     [1e+00, 1e+00]
  RHS range        [1e+00, 1e+03]

Loaded user MIP start with objective 187.978
MIP start from previous solve did not produce a new incumbent solution

Presolve removed 3161 rows and 6850 columns
Presolve time: 0.06s
Presolved: 3446 rows, 3480 columns, 19520 nonzeros
Variable types: 0 continuous, 3480 integer (3360 binary)

Root relaxation: objective 3.675523e+01, 612 iterations, 0.01 seconds (0.02 work units)

    Nodes    |    Current Node    |     Objective Bounds      |     Work
 Expl Unexpl |  Obj  Depth IntInf | Incumbent    BestBd   Gap | It/Node Time

     0     0   36.75523    0  243  187.97752   36.75523  80.4%     -    0s
H    0     0                     167.4676465   36.75523  78.1%     -    0s
H    0     0                     160.9686400   36.75523  77.2%     -    0s
H    0     0                     100.6773917   37.86289  62.4%     -    0s
     0     0   37.86289    0  233  100.67739   37.86289  62.4%     -    0s
     0     0   37.93483    0  263  100.67739   37.93483  62.3%     -    0s
     0     0   37.93933    0  261  100.67739   37.93933  62.3%     -    0s
     0     0   38.49962    0  246  100.67739   38.49962  61.8%     -    0s
H    0     0                      90.4963155   38.49962  57.5%     -    0s
     0     0   38.79563    0  242   90.49632   38.79563  57.1%     -    0s
     0     0   38.81475    0  230   90.49632   38.81475  57.1%     -    0s
     0     0   38.81475    0  231   90.49632   38.81475  57.1%     -    0s
     0     0   39.36175    0  174   90.49632   39.36175  56.5%     -    0s
H    0     0                      74.0464869   39.36175  46.8%     -    0s
     0     0   39.43354    0  168   74.04649   39.43354  46.7%     -    0s
     0     0   39.44370    0  196   74.04649   39.44370  46.7%     -    0s
     0     0   39.44556    0  193   74.04649   39.44556  46.7%     -    0s
     0     0   39.44556    0  193   74.04649   39.44556  46.7%     -    0s
     0     0   39.65993    0  197   74.04649   39.65993  46.4%     -    0s
H    0     0                      72.9003719   39.65993  45.6%     -    0s
     0     0   39.66020    0  198   72.90037   39.66020  45.6%     -    0s
     0     0   39.66020    0  208   72.90037   39.66020  45.6%     -    0s
     0     0   39.66020    0  207   72.90037   39.66020  45.6%     -    0s
H    0     0                      72.5050350   39.66020  45.3%     -    1s
     0     0   39.66020    0  208   72.50504   39.66020  45.3%     -    1s
     0     0   39.66020    0  206   72.50504   39.66020  45.3%     -    1s
     0     0   39.66020    0  206   72.50504   39.66020  45.3%     -    1s
H    0     0                      69.4711333   39.74351  42.8%     -    1s
H    0     2                      69.2808241   39.74351  42.6%     -    1s
     0     2   39.74351    0  203   69.28082   39.74351  42.6%     -    1s
H   90    97                      69.1458055   39.74351  42.5%  38.6    1s
H  156   160                      68.1829950   39.74351  41.7%  31.3    1s
H  878   852                      65.8927863   39.75352  39.7%  16.5    2s
  1359  1275   40.40967   14  229   65.89279   39.75352  39.7%  15.1    5s
H 1360  1212                      65.7109511   39.78983  39.4%  15.0    5s
H 1362  1152                      65.0659830   39.86075  38.7%  15.0    5s
H 1366  1097                      64.2810566   40.00690  37.8%  15.0    6s
H 1378  1049                      63.9845179   40.19279  37.2%  14.9    7s
H 1388  1004                      63.8565879   40.20242  37.0%  16.1    8s
H 1388   953                      61.2434110   40.20242  34.4%  16.1    8s
  1397   959   40.40670   10  341   61.24341   40.20242  34.4%  16.0   10s
H 1399   912                      61.1341553   40.20243  34.2%  15.9   10s
H 1400   867                      60.8960523   40.20325  34.0%  15.9   12s
H 1400   824                      56.0706178   40.20325  28.3%  15.9   12s
H 1400   782                      55.5010070   40.20325  27.6%  15.9   12s
H 1409   751                      54.4028840   40.22580  26.1%  16.7   13s
  1437   772   40.62344   31  219   54.40288   40.31475  25.9%  17.5   15s
H 1438   734                      53.4999529   40.31475  24.6%  17.5   15s
H 1488   733                      51.0741043   40.33309  21.0%  18.8   15s
H 1495   701                      50.7889696   40.33309  20.6%  19.0   15s
H 1660   779                      49.8274709   40.33309  19.1%  22.2   16s
  2495  1259   40.51648   33  291   49.82747   40.33824  19.0%  28.1   20s
H 2801  1318                      49.6980118   40.33824  18.8%  28.7   21s
H 2806  1270                      49.4393125   40.33824  18.4%  28.7   21s
H 3012  1397                      49.3098534   40.33824  18.2%  28.7   22s
  4567  2818   45.28164  154  143   49.30985   40.37555  18.1%  26.7   25s
  5999  3954   49.20031  138  114   49.30985   40.39813  18.1%  26.1   30s
H 6010  3929                      49.0455805   40.39813  17.6%  26.1   30s
  9008  6730   42.91892   55  123   49.04558   40.47451  17.5%  24.6   35s
H 9069  6354                      47.6559395   40.47451  15.1%  24.5   35s
 10584  7467   41.07743   37  183   47.65594   40.48786  15.0%  25.3   40s
 13340  9694   41.18551   42  183   47.65594   40.50502  15.0%  24.7   45s
 17507 13426   43.72619   49  160   47.65594   40.54190  14.9%  23.8   50s
H18927 14241                      47.6559391   40.55583  14.9%  24.2   52s
H18953 12926                      46.2380190   40.55583  12.3%  24.2   52s
 20101 14124   41.01074   38  171   46.23802   40.58197  12.2%  24.4   55s
 20780 14436   42.35759  227  206   46.23802   40.58649  12.2%  24.6   67s
 20794 14445   45.34176  103  318   46.23802   40.58649  12.2%  24.6   70s
 20798 14448   40.91890   34  295   46.23802   40.58649  12.2%  24.6   75s
 20806 14453   43.70245  213  311   46.23802   40.58649  12.2%  24.6   80s
H20809 13731                      45.0058510   40.61485  9.76%  24.6   82s
 20811 13733   42.20173   66  332   45.00585   40.67063  9.63%  24.6   85s
 20818 13737   42.27122   54  362   45.00585   40.76099  9.43%  24.6   91s
H20822 13053                      43.2688348   40.78605  5.74%  24.6   94s
 20825 13055   43.26883   48  348   43.26883   40.79720  5.71%  24.6   95s
 20841 13067   41.80281   57  350   43.26883   40.79720  5.71%  24.7  100s
 20854 13075   43.24358   59  317   43.26883   40.79720  5.71%  24.7  105s
 20863 13086   40.79720   56  304   43.26883   40.79720  5.71%  24.8  110s
 21430 13344   40.87530   59  224   43.26883   40.79720  5.71%  25.6  115s
 23913 14282   42.18184   68   79   43.26883   40.96398  5.33%  26.8  120s
 26711 15178     cutoff   77        43.26883   41.02251  5.19%  27.9  125s
 29094 15892   42.13668   75  134   43.26883   41.07721  5.07%  29.1  130s
 32311 16639   41.74610   68  108   43.26883   41.16762  4.86%  30.4  135s
 35246 17224   42.85940   73  123   43.26883   41.23034  4.71%  31.7  140s
 38102 17644   41.84002   66  254   43.26883   41.28716  4.58%  32.8  145s
 41113 18124   42.87307   68  134   43.26883   41.33280  4.47%  33.9  150s
 44455 18629   43.03710   72   55   43.26883   41.38573  4.35%  34.6  155s
 47584 18895   42.53750   75  216   43.26883   41.43219  4.24%  35.4  160s
 50228 19106   43.04568   87  135   43.26883   41.46265  4.17%  36.2  165s
 52212 19458   42.80840   84  124   43.26883   41.48379  4.13%  36.7  170s
 54785 19848   41.67794   82  190   43.26883   41.51047  4.06%  37.2  175s
 57900 20264     cutoff  104        43.26883   41.53989  4.00%  37.7  180s
 61141 20729   42.94983   83  169   43.26883   41.56888  3.93%  38.2  185s
 62823 21468   42.21849   78  212   43.26883   41.58214  3.90%  38.5  190s
 65460 22473     cutoff   87        43.26883   41.60535  3.84%  38.9  195s
 68573 23670     cutoff   97        43.26883   41.63268  3.78%  39.2  200s
 71730 25044     cutoff   91        43.26883   41.65732  3.72%  39.6  205s
 74509 26201   42.56951  106  133   43.26883   41.67623  3.68%  39.9  210s
 77739 27576   42.58614   67  107   43.26883   41.69701  3.63%  40.3  215s
 80188 28439   42.15135   69  139   43.26883   41.71480  3.59%  40.6  220s
 83338 29665   43.01473   80  168   43.26883   41.73332  3.55%  40.9  226s
 85932 30736   42.48195   91  147   43.26883   41.74932  3.51%  41.1  230s
 88830 31809   42.64766  112   49   43.26883   41.76648  3.47%  41.4  235s
 91415 32822 infeasible   84        43.26883   41.78169  3.44%  41.6  240s
 94236 33899   43.04973   81  184   43.26883   41.79644  3.40%  41.8  245s
 96907 34887   43.26007   79  165   43.26883   41.80822  3.38%  42.1  250s
 100315 36114   43.24153   92  120   43.26883   41.82299  3.34%  42.3  255s
 103289 37332   42.20051   67  116   43.26883   41.83534  3.31%  42.4  260s
 104192 37668     cutoff   92        43.26883   41.83891  3.30%  42.5  266s
 104453 39193   42.83236   81  167   43.26883   41.83924  3.30%  42.5  272s
 109348 39709   42.32895   79   97   43.26883   41.85592  3.27%  42.5  275s
 111711 40676   42.55688   83  177   43.26883   41.86559  3.24%  42.7  280s
 114937 41718   43.17849   70  217   43.26883   41.87954  3.21%  42.7  285s
 117908 42774   42.62943   89  194   43.26883   41.89097  3.18%  42.8  290s
 121135 43837   43.01017   74  126   43.26883   41.90393  3.15%  42.9  295s
 123907 44837   42.06504  106   98   43.26883   41.91665  3.13%  43.1  300s
 126995 45831   42.09534   69  253   43.26883   41.92619  3.10%  43.1  305s
 129600 46830   43.22202   72  158   43.26883   41.93497  3.08%  43.2  310s
 133188 47912   43.08353   71  143   43.26883   41.94776  3.05%  43.3  315s
 135629 48787   42.27745  102   29   43.26883   41.95566  3.03%  43.4  320s
 138322 49658   43.06375   79   65   43.26883   41.96466  3.01%  43.5  325s
 141136 50459 infeasible   82        43.26883   41.97398  2.99%  43.7  330s
 144261 51510   42.18829   73   46   43.26883   41.98528  2.97%  43.8  335s
 147033 52342   42.76198  102   50   43.26883   41.99287  2.95%  43.9  340s
 150073 53264   42.79731   89   51   43.26883   42.00135  2.93%  44.0  345s
 153299 54211     cutoff   90        43.26883   42.01116  2.91%  44.1  350s
 156218 55062   42.77319   80   50   43.26883   42.01969  2.89%  44.1  356s
 158873 55875   42.29787   78   38   43.26883   42.02679  2.87%  44.2  360s
 161369 56614   42.30340   82   78   43.26883   42.03387  2.85%  44.3  365s
 164746 57542     cutoff   74        43.26883   42.04302  2.83%  44.3  370s
 167030 58127     cutoff   83        43.26883   42.04923  2.82%  44.4  375s
 170363 58972   42.75702   70  132   43.26883   42.05940  2.80%  44.4  380s
 173152 59707   43.02115   76  121   43.26883   42.06598  2.78%  44.5  385s
 176425 60679   42.86121   80   90   43.26883   42.07368  2.76%  44.6  390s
 179340 61575     cutoff   94        43.26883   42.08049  2.75%  44.6  395s
 182066 62322   42.48908   84  115   43.26883   42.08729  2.73%  44.6  400s
 184872 63006   42.71019   75   91   43.26883   42.09407  2.72%  44.6  405s
 187198 63598     cutoff   81        43.26883   42.09963  2.70%  44.7  410s
 189683 64197   42.73194   95   73   43.26883   42.10598  2.69%  44.7  415s
 193331 65176   42.70731   89  173   43.26883   42.11363  2.67%  44.8  420s
 196235 65968   43.16504   82   99   43.26883   42.11921  2.66%  44.8  425s
 198975 66655   42.72346   84   47   43.26883   42.12596  2.64%  44.8  430s
 202112 67501   42.60336   84  184   43.26883   42.13243  2.63%  44.9  435s
 205093 68245   42.33090   74  143   43.26883   42.13938  2.61%  44.9  440s
 208169 69127   43.03439   86  135   43.26883   42.14629  2.59%  44.9  445s
 211098 69965   42.32508  129   34   43.26883   42.15204  2.58%  45.0  450s
 213422 70505   43.12985   85  122   43.26883   42.15603  2.57%  45.0  455s
 216580 71247   42.43558   86   75   43.26883   42.16296  2.56%  45.0  460s
 219518 72058   43.04167   70  251   43.26883   42.16858  2.54%  45.0  466s
 222489 72798   42.36361   86   95   43.26883   42.17491  2.53%  45.0  470s
 225347 73474   42.71387   77  127   43.26883   42.18012  2.52%  45.1  475s
 228261 74268 infeasible   82        43.26883   42.18515  2.50%  45.1  480s
*229803 73820              79      43.2121936   42.18807  2.37%  45.1  482s
 230190 74309   43.11293   77  122   43.21219   42.18959  2.37%  45.2  487s
 233616 74767   42.72497   92  123   43.21219   42.19614  2.35%  45.2  490s
 236009 75359   42.65149   93   76   43.21219   42.20120  2.34%  45.2  495s
 238626 75924     cutoff   66        43.21219   42.20614  2.33%  45.3  500s
 241745 76608     cutoff   86        43.21219   42.21249  2.31%  45.3  505s
 244714 77257   42.92047   94   74   43.21219   42.21801  2.30%  45.3  510s
 247717 77888   43.20270   78  252   43.21219   42.22366  2.29%  45.4  515s
 250815 78552   42.65192   97   63   43.21219   42.22941  2.27%  45.4  521s
H252753 58394                      42.8684469   42.23280  1.48%  45.4  524s
 252851 58393   42.66142   75  165   42.86845   42.23319  1.48%  45.4  525s
 254484 58338   42.69734   72  179   42.86845   42.23837  1.47%  45.4  530s
 258049 58216   42.50170   75   75   42.86845   42.24927  1.44%  45.5  535s
 260966 58249   42.48369   73  128   42.86845   42.25771  1.42%  45.4  540s
 264143 58208   42.85323   98   53   42.86845   42.26851  1.40%  45.5  545s
 267839 58093   42.75447   72  164   42.86845   42.27968  1.37%  45.5  550s
 270811 57955   42.42833   75   70   42.86845   42.28848  1.35%  45.5  555s
 273273 57942   42.68539   74  214   42.86845   42.29519  1.34%  45.5  560s
 276555 57747   42.30899   89  122   42.86845   42.30490  1.31%  45.5  565s
 279673 57559   42.67660   83  145   42.86845   42.31387  1.29%  45.5  570s
 283366 57299     cutoff   80        42.86845   42.32457  1.27%  45.5  575s
 286406 57101 infeasible   86        42.86845   42.33266  1.25%  45.5  580s
 289478 56904     cutoff   76        42.86845   42.34115  1.23%  45.5  585s
 293161 56654     cutoff   83        42.86845   42.35105  1.21%  45.5  590s
 295941 56423   42.70480   73  135   42.86845   42.35838  1.19%  45.6  595s
 299023 56122   42.79298   74  208   42.86845   42.36674  1.17%  45.6  600s
 301781 55754   42.42527   83  109   42.86845   42.37488  1.15%  45.6  605s
 304709 55335   42.41662   85  166   42.86845   42.38341  1.13%  45.6  610s
 307939 54893 infeasible   83        42.86845   42.39117  1.11%  45.6  615s
 311112 54508     cutoff   82        42.86845   42.39900  1.10%  45.6  620s
 314820 53933   42.43946   81   49   42.86845   42.40858  1.07%  45.5  625s
 318031 53383     cutoff   77        42.86845   42.41761  1.05%  45.6  630s
 321289 52791     cutoff   76        42.86845   42.42606  1.03%  45.5  635s
 324528 52161     cutoff   82        42.86845   42.43469  1.01%  45.5  640s
 327800 51406   42.58090   75  154   42.86845   42.44386  0.99%  45.5  645s
 331229 50722     cutoff   80        42.86845   42.45299  0.97%  45.5  650s
 334063 50036   42.51513   70  247   42.86845   42.46039  0.95%  45.5  656s
 336684 49378   42.64466   75  194   42.86845   42.46760  0.94%  45.5  660s
 339692 48670   42.72379   87   57   42.86845   42.47608  0.92%  45.5  665s
 343344 47516   42.75870   78   68   42.86845   42.48557  0.89%  45.4  671s
 346647 46495     cutoff   75        42.86845   42.49584  0.87%  45.4  675s
 348986 45722     cutoff   80        42.86845   42.50202  0.85%  45.4  680s
 352518 44628     cutoff   81        42.86845   42.51179  0.83%  45.4  685s
 355854 43558     cutoff   83        42.86845   42.52173  0.81%  45.4  690s
 359265 42428     cutoff   72        42.86845   42.53190  0.79%  45.3  695s
 362889 41132     cutoff   85        42.86845   42.54234  0.76%  45.3  700s
 366047 39882     cutoff   69        42.86845   42.55196  0.74%  45.3  706s
 369862 38231     cutoff   80        42.86845   42.56415  0.71%  45.2  711s
 372908 36885     cutoff   86        42.86845   42.57459  0.69%  45.2  715s
 376592 35133   42.74265   75  189   42.86845   42.58660  0.66%  45.1  720s
 379739 33847   42.70592   95  109   42.86845   42.59760  0.63%  45.1  725s
 383668 31645   42.78858   82   62   42.86845   42.61084  0.60%  45.0  730s
 387797 29435     cutoff   85        42.86845   42.62565  0.57%  44.9  736s
 390883 27526   42.78921   90  153   42.86845   42.63849  0.54%  44.8  740s
 395044 24929     cutoff   71        42.86845   42.65655  0.49%  44.7  745s
 399214 22241   42.75712   83  198   42.86845   42.67492  0.45%  44.6  750s
 403454 19281     cutoff   84        42.86845   42.69606  0.40%  44.5  755s
 408246 15786     cutoff   71        42.86845   42.72412  0.34%  44.3  760s
 409727 14245     cutoff   73        42.86845   42.73352  0.31%  44.2  767s
 412844 11364     cutoff   75        42.86845   42.75467  0.27%  44.0  770s
 417552  7194     cutoff   80        42.86845   42.78968  0.18%  43.8  775s
 423053  2342     cutoff   80        42.86845   42.83932  0.07%  43.4  780s

Cutting planes:
  Learned: 10
  Gomory: 68
  Cover: 421
  Implied bound: 119
  Projected implied bound: 11
  Clique: 5
  MIR: 105
  StrongCG: 5
  Flow cover: 276
  Inf proof: 38
  Zero half: 72
  RLT: 6
  Relax-and-lift: 24

Explored 425865 nodes (18391146 simplex iterations) in 781.96 seconds (1781.17 work units)
Thread count was 8 (of 8 available processors)

Solution count 10: 42.8684 43.2122 43.2688 ... 49.4393

Optimal solution found (tolerance 1.00e-04)
Best objective 4.286844688598e+01, best bound 4.286753511773e+01, gap 0.0021%