
Gurobi 9.5.2 (win64) logging started Fri Sep  2 03:38:28 2022

Set parameter LogFile to value "CHU-04b.log"
Set parameter TimeLimit to value 1200
Set parameter MIPFocus to value 3
Set parameter Cuts to value 2
Set parameter NoRelHeurTime to value 20
Gurobi Optimizer version 9.5.2 build v9.5.2rc0 (win64)
Thread count: 4 physical cores, 8 logical processors, using up to 8 threads
Optimize a model with 3392 rows, 1920 columns and 13120 nonzeros
Model fingerprint: 0xbc8ff328
Variable types: 0 continuous, 1920 integer (1760 binary)
Coefficient statistics:
  Matrix range     [1e+00, 1e+03]
  Objective range  [1e-01, 7e+00]
  Bounds range     [1e+00, 1e+00]
  RHS range        [1e+00, 1e+03]
Presolve removed 1520 rows and 0 columns
Presolve time: 0.03s
Presolved: 1872 rows, 1920 columns, 10000 nonzeros
Variable types: 0 continuous, 1920 integer (1760 binary)
Found heuristic solution: objective 124.8183372
Starting NoRel heuristic
Found heuristic solution: objective 117.0586781
Found heuristic solution: objective 106.2788533
Found heuristic solution: objective 105.8357528
Found heuristic solution: objective 91.5088290
Found heuristic solution: objective 90.7731777
Found heuristic solution: objective 90.6980551
Found heuristic solution: objective 84.1524582
Found heuristic solution: objective 82.8838926
Found heuristic solution: objective 80.4338383
Found heuristic solution: objective 76.3403687
Found heuristic solution: objective 74.4448230
Found heuristic solution: objective 74.2528102
Found heuristic solution: objective 66.5796126
Found heuristic solution: objective 62.3430991
Found heuristic solution: objective 62.0056575
Found heuristic solution: objective 60.6682400
Found heuristic solution: objective 57.3646283
Found heuristic solution: objective 53.8595944
Found heuristic solution: objective 49.5108217
Found heuristic solution: objective 48.5156726
Found heuristic solution: objective 46.2564045
Found heuristic solution: objective 44.7796890
Found heuristic solution: objective 42.6410377
Found heuristic solution: objective 42.5017771
Found heuristic solution: objective 41.7220053
Found heuristic solution: objective 40.8653444
Found heuristic solution: objective 39.6920627
Found heuristic solution: objective 39.3098422
Found heuristic solution: objective 37.8657730
Found heuristic solution: objective 37.2320971
Found heuristic solution: objective 37.1683217
Found heuristic solution: objective 36.9816090
Found heuristic solution: objective 36.6222459
Found heuristic solution: objective 36.3003598
Elapsed time for NoRel heuristic: 5s (best bound 24.0988)
Found heuristic solution: objective 35.8195040
Elapsed time for NoRel heuristic: 11s (best bound 24.0988)
Elapsed time for NoRel heuristic: 17s (best bound 24.0988)
Root relaxation presolved: 1872 rows, 1920 columns, 10000 nonzeros


Root simplex log...

Iteration    Objective       Primal Inf.    Dual Inf.      Time
       0    4.3607979e+00   1.281250e+01   0.000000e+00     21s
     149    2.4098833e+01   0.000000e+00   0.000000e+00     21s
     149    2.4098833e+01   0.000000e+00   0.000000e+00     21s

Use crossover to convert LP symmetric solution to basic solution...

Root crossover log...

       0 DPushes remaining with DInf 0.0000000e+00                21s

      15 PPushes remaining with PInf 0.0000000e+00                21s
       0 PPushes remaining with PInf 0.0000000e+00                21s

  Push phase complete: Pinf 0.0000000e+00, Dinf 5.3065830e-01     21s


Root simplex log...

Iteration    Objective       Primal Inf.    Dual Inf.      Time
     216    2.4098833e+01   0.000000e+00   5.306583e-01     21s
     230    2.4098833e+01   0.000000e+00   0.000000e+00     21s
     230    2.4098833e+01   0.000000e+00   0.000000e+00     21s

Root relaxation: objective 2.409883e+01, 230 iterations, 0.03 seconds (0.01 work units)

    Nodes    |    Current Node    |     Objective Bounds      |     Work
 Expl Unexpl |  Obj  Depth IntInf | Incumbent    BestBd   Gap | It/Node Time

     0     0   24.09883    0  114   35.81950   24.09883  32.7%     -   21s
     0     0   24.16172    0  140   35.81950   24.16172  32.5%     -   21s
     0     0   24.23236    0  144   35.81950   24.23236  32.3%     -   21s
     0     0   24.80282    0  127   35.81950   24.80282  30.8%     -   21s
     0     0   24.80282    0  144   35.81950   24.80282  30.8%     -   21s
     0     0   25.23846    0  153   35.81950   25.23846  29.5%     -   21s
     0     0   25.23846    0  190   35.81950   25.23846  29.5%     -   21s
     0     0   25.24584    0  169   35.81950   25.24584  29.5%     -   21s
     0     0   25.24584    0  158   35.81950   25.24584  29.5%     -   21s
     0     2   25.27800    0  151   35.81950   25.27800  29.4%     -   22s
   230   223   26.82058    9  218   35.81950   26.54319  25.9%  78.5   25s
  1082  1060   28.33601   21  150   35.81950   26.74592  25.3%  50.9   30s
  1102  1073   27.12206   15  192   35.81950   27.11094  24.3%  50.0   35s
  1953  1741   28.58642   26  147   35.81950   28.51595  20.4%  62.3   40s
H 3480  2604                      35.8195039   28.68478  19.9%  61.8   43s
  3914  3056   29.11478   28  169   35.81950   28.71132  19.8%  61.5   45s
  7545  6696   29.40224   34  116   35.81950   28.87439  19.4%  56.5   50s
 10318  9557   31.36998   24   99   35.81950   28.97673  19.1%  56.8   55s
 12767 11746   29.64561   40   72   35.81950   29.07786  18.8%  59.1   60s
 15635 14902   30.99203   34   77   35.81950   29.17387  18.6%  60.7   65s
 17476 16939   32.13264   51  108   35.81950   29.23909  18.4%  61.7   70s
 20804 20343   29.78231   35  102   35.81950   29.34639  18.1%  63.2   76s
 23081 22643   31.22980   39   51   35.81950   29.41498  17.9%  63.8   80s
 26592 26160   31.05495   53  100   35.81950   29.49517  17.7%  64.6   86s
 28601 28160   31.63642   35  138   35.81950   29.54474  17.5%  64.6   90s
 31217 30734   29.89004   41   70   35.81950   29.60987  17.3%  65.0   95s
 34346 33543   30.13162   34  137   35.81950   29.67700  17.1%  65.2  104s
 34898 34557   30.62058   31   94   35.81950   29.68622  17.1%  65.2  105s
 37761 37105   30.36753   27   81   35.81950   29.74673  17.0%  65.4  111s
 39981 39581   30.10391   46   79   35.81950   29.78887  16.8%  65.5  115s
 42955 42388   30.88073   42  114   35.81950   29.83972  16.7%  65.5  120s
 45716 45109   31.33769   36  110   35.81950   29.88501  16.6%  65.6  125s
 48204 47491   30.49868   44  153   35.81950   29.91975  16.5%  65.6  130s
 51439 50715   30.75558   45  108   35.81950   29.96166  16.4%  65.6  135s
 54411 53586   30.15089   29  113   35.81950   30.00015  16.2%  65.6  141s
 56624 55772   30.89396   37   72   35.81950   30.03130  16.2%  65.8  145s
 59850 59123   30.61430   34   90   35.81950   30.07123  16.0%  65.9  151s
 62401 61503   33.35221   48  139   35.81950   30.10684  15.9%  66.0  155s
 64718 63764   30.49427   32   96   35.81950   30.13163  15.9%  66.0  160s
 67972 66993   30.59986   38  112   35.81950   30.16335  15.8%  66.0  165s
 70471 69497   32.56693   37  104   35.81950   30.19222  15.7%  66.0  170s
 73743 72758   31.79144   48  117   35.81950   30.22381  15.6%  66.1  176s
 76235 75212   32.09023   29   49   35.81950   30.25049  15.5%  66.1  181s
 78816 77444   31.16837   31  103   35.81950   30.27928  15.5%  66.1  185s
 81060 80035   31.64956   51  118   35.81950   30.29554  15.4%  66.1  190s
 83503 82390   30.51926   27  128   35.81950   30.31874  15.4%  66.1  195s
 86002 84937   33.22063   42   80   35.81950   30.34182  15.3%  66.1  200s
 89595 88530   30.68360   43   77   35.81950   30.37075  15.2%  66.0  206s
 92138 90994   30.66399   38  130   35.81950   30.39371  15.1%  66.1  210s
 93866 92162   30.66777   34   89   35.81950   30.40701  15.1%  66.0  215s
H93906 92162                      35.8195033   30.40701  15.1%  66.0  215s
 96760 95517   30.51193   42  102   35.81950   30.43025  15.0%  66.0  221s
 98442 97279   30.84405   41  153   35.81950   30.44115  15.0%  66.0  225s
 101765 99890   31.65778   37  110   35.81950   30.46242  15.0%  66.0  230s
 104494 103274   31.75107   38  112   35.81950   30.48563  14.9%  65.9  236s
 107093 105780   31.00610   27  110   35.81950   30.50256  14.8%  65.9  241s
 109647 108269   31.57219   34  116   35.81950   30.51843  14.8%  65.9  245s
 112219 110902   30.98607   42   74   35.81950   30.53555  14.8%  65.8  250s
 114828 113381   31.26423   35   91   35.81950   30.54862  14.7%  65.8  255s
 117400 115950   32.34663   68   51   35.81950   30.56309  14.7%  65.7  260s
 120041 118566   32.15872   31   65   35.81950   30.57889  14.6%  65.7  265s
 122676 121218   31.94294   54  164   35.81950   30.59348  14.6%  65.7  270s
 126029 124445   30.73018   36   95   35.81950   30.61121  14.5%  65.7  276s
 128498 127017   31.02267   33  118   35.81950   30.62684  14.5%  65.7  281s
 131190 129653   32.42051   52  130   35.81950   30.63969  14.5%  65.7  286s
 133727 132246   33.52064   41   58   35.81950   30.65357  14.4%  65.7  291s
 136386 134536   32.81841   35   75   35.81950   30.66568  14.4%  65.7  296s
 138879 137369   30.76949   38  132   35.81950   30.67665  14.4%  65.7  301s
 140752 139213   31.39174   34  113   35.81950   30.68525  14.3%  65.6  305s
 143547 141903   31.04063   31   83   35.81950   30.69743  14.3%  65.6  310s
 146194 144534   31.32632   31   72   35.81950   30.70854  14.3%  65.6  315s
 148881 146777   31.16395   37   97   35.81950   30.72008  14.2%  65.6  321s
 151088 149468   31.29437   33  128   35.81950   30.72944  14.2%  65.6  326s
 152975 151326   32.44993   51   94   35.81950   30.73834  14.2%  65.6  330s
 155779 154001   32.67385   61   87   35.81950   30.74984  14.2%  65.6  335s
 158469 156685   31.56069   42  147   35.81950   30.76196  14.1%  65.6  341s
 160305 158441   30.93063   38  131   35.81950   30.76909  14.1%  65.6  345s
 162812 160989   30.78189   40  128   35.81950   30.77921  14.1%  65.6  351s
 164688 162845   30.84377   32  120   35.81950   30.78670  14.1%  65.6  355s
 167289 165426   32.79616   34   85   35.81950   30.79739  14.0%  65.6  360s
 170105 168211   32.16351   40  142   35.81950   30.80745  14.0%  65.6  366s
 171608 169789   31.07442   44   72   35.81950   30.81383  14.0%  65.7  370s
 174553 172639   32.63826   47  100   35.81950   30.82515  13.9%  65.7  375s
 177407 175400   31.26880   43   84   35.81950   30.83521  13.9%  65.7  381s
 179228 177172   31.93374   36  109   35.81950   30.84321  13.9%  65.7  385s
 181574 179629   31.19188   58   63   35.81950   30.85185  13.9%  65.7  390s
 184485 182404     cutoff   62        35.81950   30.86126  13.8%  65.7  396s
 186243 184162   31.80332   36  150   35.81950   30.86873  13.8%  65.7  400s
 189083 186904   32.41549   38  134   35.81950   30.87949  13.8%  65.7  406s
 190924 188858   31.59220   41   69   35.81950   30.88602  13.8%  65.8  410s
 193794 191637   31.71329   31  128   35.81950   30.89499  13.7%  65.7  415s
 196457 194303   32.00048   40   72   35.81950   30.90455  13.7%  65.7  421s
 198402 196210   32.24724   38   88   35.81950   30.91080  13.7%  65.7  425s
 200338 198160   31.81105   43   75   35.81950   30.91723  13.7%  65.7  430s
 203204 201047   31.10512   32  100   35.81950   30.92590  13.7%  65.8  436s
 205224 203059   31.88813   55  139   35.81950   30.93160  13.6%  65.7  440s
 208078 205731   31.50183   29   95   35.81950   30.94081  13.6%  65.7  446s
 210009 207670   31.76964   41   77   35.81950   30.94680  13.6%  65.7  450s
 212867 210516   31.70316   38   95   35.81950   30.95589  13.6%  65.7  456s
 214743 212307   32.22236   35  132   35.81950   30.96172  13.6%  65.7  460s
 217464 214988   30.98252   48  110   35.81950   30.97195  13.5%  65.7  466s
 219330 216553   31.41219   38  108   35.81950   30.97683  13.5%  65.7  470s
 221906 219353   31.56764   36   93   35.81950   30.98542  13.5%  65.7  476s
 223652 221223   31.69591   32  106   35.81950   30.99195  13.5%  65.8  480s
 226522 223991   32.85571   39  118   35.81950   31.00063  13.5%  65.8  486s
 228436 225636   32.39437   34  102   35.81950   31.00701  13.4%  65.8  490s
H228519 225636                      35.8195027   31.00701  13.4%  65.8  491s
H229248 226668                      35.8194996   31.00965  13.4%  65.8  493s
 230163 227684   33.71003   62   79   35.81950   31.01245  13.4%  65.8  495s
H230303 227684                      35.8194970   31.01245  13.4%  65.8  495s
 232434 229900   31.91654   38  110   35.81950   31.01846  13.4%  65.8  501s
H233305 229900                      35.8194964   31.01925  13.4%  65.8  501s
 234412 231972   31.73963   29  113   35.81950   31.02629  13.4%  65.8  506s
 235768 233237   31.51770   40  148   35.81950   31.02932  13.4%  65.8  510s
 238857 236139   32.53514   44  123   35.81950   31.03861  13.3%  65.8  516s
 240679 238026   31.29475   36  108   35.81950   31.04413  13.3%  65.8  520s
 243499 240847   32.92833   63   74   35.81950   31.05316  13.3%  65.8  526s
 245409 242684   31.70471   33  136   35.81950   31.05808  13.3%  65.9  530s
 247658 244992   32.05234   32  130   35.81950   31.06484  13.3%  65.9  536s
 249661 247047   31.30884   49   93   35.81950   31.07168  13.3%  65.9  541s
 251762 249035   34.22828   43   87   35.81950   31.07653  13.2%  65.9  545s
 254738 251925   32.94193   43   97   35.81950   31.08571  13.2%  65.9  551s
 256721 253912   34.11678   49  108   35.81950   31.09248  13.2%  65.9  556s
 258702 255923   32.43304   42   47   35.81950   31.09799  13.2%  65.9  560s
 261727 258852   31.68413   38  104   35.81950   31.10629  13.2%  65.9  566s
 263740 260848   32.59285   44   88   35.81950   31.11231  13.1%  65.9  570s
 265732 262793   31.41693   46  111   35.81950   31.11771  13.1%  65.9  575s
 268638 265691   31.70657   39  142   35.81950   31.12535  13.1%  65.9  581s
 270654 267710   31.62914   32   88   35.81950   31.13049  13.1%  65.9  585s
 272719 269638   31.29475   41   93   35.81950   31.13566  13.1%  65.9  590s
 275681 272659   32.05671   55  102   35.81950   31.14325  13.1%  65.9  596s
 277739 274751   31.74058   41  146   35.81950   31.14810  13.0%  65.9  600s
 279767 276707   32.28031   39   89   35.81950   31.15297  13.0%  65.9  605s
 282824 279730   32.03743   32  105   35.81950   31.16048  13.0%  65.9  611s
 284811 281706   32.09350   47   40   35.81950   31.16560  13.0%  65.9  616s
 286830 283699   32.88068   36   70   35.81950   31.17035  13.0%  65.9  620s
 289781 286546   31.72377   31  113   35.81950   31.17737  13.0%  65.9  627s
 291768 288627   32.58354   34   74   35.81950   31.18254  12.9%  65.9  631s
 293877 290668   31.79996   32   87   35.81950   31.18706  12.9%  65.9  636s
 295992 292683   32.27228   40  103   35.81950   31.19259  12.9%  65.9  640s
 298007 294648   32.18395   37   73   35.81950   31.19743  12.9%  65.9  645s
 299988 296720   32.40422   37   89   35.81950   31.20205  12.9%  65.9  650s
 303251 299924   31.52515   36  105   35.81950   31.20973  12.9%  65.9  657s
 305318 301939   34.45968   53   64   35.81950   31.21490  12.9%  65.9  661s
 307481 303690   31.93467   29  101   35.81950   31.21957  12.8%  65.9  666s
 309216 305806   32.08841   37   59   35.81950   31.22393  12.8%  65.9  671s
 311301 307957   31.56106   41  103   35.81950   31.22909  12.8%  65.9  676s
 313502 310012   31.32138   36  146   35.81950   31.23424  12.8%  65.9  680s
 315624 312088   34.85611   46  110   35.81950   31.23848  12.8%  65.9  685s
 317593 314062   32.08520   35   94   35.81950   31.24362  12.8%  65.9  690s
 319700 316222   34.28810   44   73   35.81950   31.24809  12.8%  65.9  695s
 321874 318297   31.74252   40  128   35.81950   31.25285  12.7%  65.9  700s
 323368 319848   31.25544   39   81   35.81950   31.25544  12.7%  65.9  705s
 325594 321990   31.40829   41  108   35.81950   31.26075  12.7%  65.9  710s
 328656 325007   31.36884   58   59   35.81950   31.26856  12.7%  65.9  717s
 330684 327078   32.16622   37   69   35.81950   31.27293  12.7%  66.0  722s
 332913 329243   31.36014   38   74   35.81950   31.27726  12.7%  66.0  727s
 334994 331331   33.27616   49  112   35.81950   31.28187  12.7%  65.9  732s
 337116 333119   31.72033   42  124   35.81950   31.28562  12.7%  66.0  737s
 338999 335359   31.38735   30   99   35.81950   31.29037  12.6%  65.9  742s
 340158 336427   31.43997   41  178   35.81950   31.29288  12.6%  65.9  745s
 342372 338599   32.18937   33   88   35.81950   31.29774  12.6%  65.9  750s
 344583 340814   31.63743   34   90   35.81950   31.30186  12.6%  65.9  755s
 346694 342986   33.05559   46   94   35.81950   31.30677  12.6%  66.0  760s
 348937 345033   31.47471   38  171   35.81950   31.31067  12.6%  65.9  765s
 351039 347067   31.55746   35   99   35.81950   31.31515  12.6%  66.0  770s
 353071 348829   31.97374   39   89   35.81950   31.31953  12.6%  65.9  775s
 354850 350937   32.12440   46   89   35.81950   31.32351  12.6%  66.0  780s
 357142 353055   32.44189   48  112   35.81950   31.32773  12.5%  65.9  785s
 359260 355210   31.88682   41  101   35.81950   31.33204  12.5%  65.9  790s
H361105 356235                      35.8194961   31.33404  12.5%  65.9  793s
 361363 357194   31.85988   40  101   35.81950   31.33534  12.5%  65.9  795s
 363514 359418   31.49149   39  111   35.81950   31.33997  12.5%  65.9  801s
 365689 361557   31.47762   41   98   35.81950   31.34448  12.5%  65.9  806s
 367778 363653   31.65264   41  104   35.81950   31.34861  12.5%  65.9  811s
 369868 365700   33.74837   52   75   35.81950   31.35267  12.5%  65.9  816s
 372053 367877   33.53893   37   84   35.81950   31.35690  12.5%  65.9  821s
 374294 370131   31.76011   43  138   35.81950   31.36139  12.4%  65.9  827s
 376552 372247   31.94542   40  108   35.81950   31.36544  12.4%  65.9  832s
 377592 373451   33.47949   39   91   35.81950   31.36778  12.4%  65.9  835s
 379894 375551   31.66242   42   45   35.81950   31.37186  12.4%  65.9  840s
 382054 377708   31.49003   42  130   35.81950   31.37560  12.4%  65.9  845s
 384248 379894   31.47971   50   80   35.81950   31.38015  12.4%  65.9  850s
 386432 382057   31.56394   41  136   35.81950   31.38447  12.4%  65.9  855s
 388607 384144   34.16251   44   54   35.81950   31.38882  12.4%  65.9  860s
 390816 386397   31.87055   32  143   35.81950   31.39333  12.4%  65.9  866s
 392865 388441   32.05022   36   95   35.81950   31.39721  12.3%  65.9  871s
 395149 390648   32.16873   44  110   35.81950   31.40148  12.3%  65.9  877s
 397338 392877   32.43272   41  152   35.81950   31.40595  12.3%  65.9  882s
 398526 393999   31.48852   38  111   35.81950   31.40796  12.3%  65.9  885s
 400792 396245   33.87167   35   87   35.81950   31.41258  12.3%  66.0  890s
 403085 398469   31.87580   36   81   35.81950   31.41632  12.3%  66.0  896s
 405282 400705   31.71730   49   96   35.81950   31.42046  12.3%  66.0  901s
 407618 403044   32.85718   36  154   35.81950   31.42419  12.3%  66.0  907s
 408811 403901   31.84420   41  113   35.81950   31.42605  12.3%  66.0  910s
 410913 406335   31.93531   34   92   35.81950   31.43016  12.3%  66.0  916s
 413320 408641   31.89738   34  100   35.81950   31.43394  12.2%  66.0  921s
 415728 410948   31.79456   44  138   35.81950   31.43787  12.2%  66.0  927s
 416808 412125   31.73238   36  134   35.81950   31.43987  12.2%  66.0  930s
 419161 413696   32.51352   37   85   35.81950   31.44405  12.2%  66.0  935s
 421061 416502   31.60035   49  147   35.81950   31.44686  12.2%  66.0  942s
 422427 417786   31.63207   43   94   35.81950   31.44950  12.2%  66.0  945s
 424890 420140   31.74148   52   75   35.81950   31.45340  12.2%  66.0  951s
 427339 422548   31.54026   41  170   35.81950   31.45751  12.2%  66.0  957s
 428572 423691   31.95588   32   96   35.81950   31.45932  12.2%  66.0  960s
 430946 425956   32.54398   39  127   35.81950   31.46331  12.2%  66.0  966s
 433048 428173   32.65427   71   52   35.81950   31.46702  12.2%  66.0  972s
 434271 429280   32.63428   39  131   35.81950   31.46908  12.1%  66.0  975s
 436479 431519   32.31361   37  118   35.81950   31.47269  12.1%  66.0  980s
 438834 433867   32.71793   48   59   35.81950   31.47653  12.1%  66.0  986s
 441184 436194   32.86430   41  135   35.81950   31.47991  12.1%  66.0  992s
 442394 437440   33.66504   36  124   35.81950   31.48218  12.1%  66.0  995s
 444766 439707   31.85284   45   64   35.81950   31.48642  12.1%  66.0 1001s
 446739 441670   31.73358   35  110   35.81950   31.48992  12.1%  66.0 1007s
 449024 444057   32.17992   40   49   35.81950   31.49424  12.1%  66.0 1012s
 450358 445187   31.61352   45  105   35.81950   31.49622  12.1%  66.0 1015s
 452743 447536   35.61182   31  108   35.81950   31.50029  12.1%  66.0 1021s
 455011 449772   32.77673   55  127   35.81950   31.50348  12.0%  66.0 1027s
 456165 450986   31.74112   31  158   35.81950   31.50528  12.0%  66.0 1030s
 458096 452883 infeasible   45        35.81950   31.50814  12.0%  66.0 1035s
 460576 455338   32.36995   50  154   35.81950   31.51182  12.0%  66.0 1042s
 461818 456514   33.37563   31  124   35.81950   31.51337  12.0%  66.0 1045s
 464212 458901   31.76003   39   95   35.81950   31.51742  12.0%  66.0 1051s
 466539 461055   32.51248   47  122   35.81950   31.52074  12.0%  66.0 1057s
 467629 462243   33.16901   34   95   35.81950   31.52290  12.0%  66.0 1060s
 469963 464604   32.33861   41   96   35.81950   31.52606  12.0%  66.0 1066s
 472454 466912   32.76619   39   95   35.81950   31.53013  12.0%  66.0 1072s
 473563 468014   31.74799   49  132   35.81950   31.53174  12.0%  66.0 1075s
H473691 468014                      35.8194931   31.53174  12.0%  66.0 1075s
 475841 469946   31.69917   36  116   35.81949   31.53536  12.0%  66.0 1081s
 477919 472288   32.44338   47   66   35.81949   31.53807  12.0%  66.0 1087s
 479012 473441   32.08236   49   78   35.81949   31.53991  11.9%  66.0 1090s
 481420 475851   32.54715   32  116   35.81949   31.54365  11.9%  66.0 1097s
 482622 476980   31.98569   51  179   35.81949   31.54554  11.9%  66.0 1100s
 484975 479454   32.91932   51  112   35.81949   31.54957  11.9%  66.0 1106s
 487489 481800   33.27407   54  124   35.81949   31.55309  11.9%  66.0 1112s
 488687 483014   31.77935   34   94   35.81949   31.55473  11.9%  66.0 1115s
 491101 485346   31.97516   44   82   35.81949   31.55854  11.9%  66.0 1121s
 493459 487620   32.27388   35  112   35.81949   31.56230  11.9%  66.0 1127s
 494587 488808   31.78814   38  129   35.81949   31.56391  11.9%  66.0 1130s
 497003 491098   32.21499   36  173   35.81949   31.56766  11.9%  66.0 1136s
 499390 493639   32.57601   37  109   35.81949   31.57169  11.9%  66.0 1143s
 500687 494833   32.45890   43   70   35.81949   31.57394  11.9%  66.0 1146s
 503142 497243   32.15794   36   72   35.81949   31.57757  11.8%  66.0 1152s
 504336 498188   33.59214   40  104   35.81949   31.57911  11.8%  66.0 1155s
 506589 500739   32.17686   48  153   35.81949   31.58214  11.8%  66.0 1161s
 507881 501942   32.07440   43  101   35.81949   31.58423  11.8%  66.0 1165s
 510349 504314   32.32803   42  127   35.81949   31.58715  11.8%  66.0 1171s
 512566 506626   33.94761   40   47   35.81949   31.59063  11.8%  65.9 1177s
 513871 507781   33.71196   35  104   35.81949   31.59248  11.8%  65.9 1180s
 516202 510095   32.47688   29  106   35.81949   31.59531  11.8%  65.9 1186s
 518530 512388   31.82792   36  107   35.81949   31.59863  11.8%  65.9 1192s
 519705 513428   32.16648   46  100   35.81949   31.60042  11.8%  65.9 1195s
 521962 515157   32.92352   45   70   35.81949   31.60353  11.8%  65.9 1200s

Cutting planes:
  Learned: 103
  Gomory: 62
  Lift-and-project: 155
  Cover: 1
  Implied bound: 855
  Projected implied bound: 10
  Clique: 8
  MIR: 165
  StrongCG: 31
  Flow cover: 336
  Inf proof: 1021
  Zero half: 92
  RLT: 26
  Relax-and-lift: 60

Explored 522510 nodes (34456779 simplex iterations) in 1200.10 seconds (1205.94 work units)
Thread count was 8 (of 8 available processors)

Solution count 10: 35.8195 35.8195 35.8195 ... 36.6222

Time limit reached
Best objective 3.581950398768e+01, best bound 3.160440514325e+01, gap 11.7676%
