
Gurobi 9.5.2 (win64) logging started Fri Sep  2 03:58:31 2022

Set parameter LogFile to value "CHU-04c.log"
Set parameter TimeLimit to value 1200
Gurobi Optimizer version 9.5.2 build v9.5.2rc0 (win64)
Thread count: 4 physical cores, 8 logical processors, using up to 8 threads
Optimize a model with 3392 rows, 1920 columns and 13120 nonzeros
Model fingerprint: 0xdda5fbd2
Variable types: 0 continuous, 1920 integer (1760 binary)
Coefficient statistics:
  Matrix range     [1e+00, 1e+03]
  Objective range  [1e-01, 7e+00]
  Bounds range     [1e+00, 1e+00]
  RHS range        [1e+00, 1e+03]

Loaded user MIP start with objective 124.818

Presolve removed 1520 rows and 0 columns
Presolve time: 0.03s
Presolved: 1872 rows, 1920 columns, 10000 nonzeros
Variable types: 0 continuous, 1920 integer (1760 binary)

Root relaxation: objective 2.409883e+01, 523 iterations, 0.01 seconds (0.01 work units)

    Nodes    |    Current Node    |     Objective Bounds      |     Work
 Expl Unexpl |  Obj  Depth IntInf | Incumbent    BestBd   Gap | It/Node Time

     0     0   24.09883    0  142  124.81834   24.09883  80.7%     -    0s
H    0     0                      54.3580216   24.09883  55.7%     -    0s
H    0     0                      49.2491915   24.09883  51.1%     -    0s
     0     0   24.14322    0  137   49.24919   24.14322  51.0%     -    0s
     0     0   24.14322    0  132   49.24919   24.14322  51.0%     -    0s
     0     0   24.17958    0  170   49.24919   24.17958  50.9%     -    0s
     0     0   24.31880    0  165   49.24919   24.31880  50.6%     -    0s
H    0     0                      48.0665504   24.31880  49.4%     -    0s
H    0     0                      47.6786425   24.31880  49.0%     -    0s
H    0     0                      46.6942928   24.49300  47.5%     -    0s
     0     0   24.49300    0  171   46.69429   24.49300  47.5%     -    0s
     0     0   24.64406    0  139   46.69429   24.64406  47.2%     -    0s
     0     0   24.82630    0  136   46.69429   24.82630  46.8%     -    0s
     0     0   24.82630    0  130   46.69429   24.82630  46.8%     -    0s
     0     0   24.82672    0  134   46.69429   24.82672  46.8%     -    0s
     0     0   24.82812    0  135   46.69429   24.82812  46.8%     -    0s
     0     0   24.82812    0  138   46.69429   24.82812  46.8%     -    0s
     0     0   24.84127    0  151   46.69429   24.84127  46.8%     -    0s
H    0     0                      46.1034725   25.03370  45.7%     -    0s
     0     0   25.03370    0  155   46.10347   25.03370  45.7%     -    0s
     0     0   25.03370    0  149   46.10347   25.03370  45.7%     -    0s
     0     0   25.23762    0  137   46.10347   25.23762  45.3%     -    0s
     0     0   25.24061    0  156   46.10347   25.24061  45.3%     -    0s
     0     0   25.24061    0  151   46.10347   25.24061  45.3%     -    0s
     0     0   25.24392    0  153   46.10347   25.24392  45.2%     -    0s
     0     0   25.24392    0  153   46.10347   25.24392  45.2%     -    0s
     0     0   25.24392    0  171   46.10347   25.24392  45.2%     -    0s
     0     0   25.24392    0  180   46.10347   25.24392  45.2%     -    0s
     0     0   25.24430    0  210   46.10347   25.24430  45.2%     -    0s
     0     0   25.24430    0  210   46.10347   25.24430  45.2%     -    0s
H    0     0                      45.6563683   25.24808  44.7%     -    1s
     0     2   25.24808    0  210   45.65637   25.24808  44.7%     -    1s
H   31    38                      44.4744437   25.34154  43.0%  32.7    1s
H   31    38                      44.0857079   25.34154  42.5%  32.7    1s
H   35    38                      43.8738870   25.34154  42.2%  31.6    1s
H   71    74                      43.5616750   25.34154  41.8%  27.0    1s
H   71    74                      42.5959333   25.34154  40.5%  27.0    1s
H   72    74                      39.7370849   25.34154  36.2%  27.4    1s
H  108   112                      39.0911495   25.34154  35.2%  25.0    1s
H  787   732                      38.7839942   25.35992  34.6%  14.2    2s
H 1037   895                      38.7770040   25.44640  34.4%  14.7    3s
H 1039   851                      38.7296101   25.44640  34.3%  14.7    3s
H 1057   820                      38.5644905   26.31467  31.8%  14.4    4s
  1065   825   29.21755   47  232   38.56449   26.54979  31.2%  14.3    5s
H 1065   783                      38.5569396   26.54979  31.1%  14.3    5s
H 1074   749                      38.2219702   26.77304  30.0%  14.2    5s
H 1076   713                      37.1668190   26.81884  27.8%  14.2    5s
H 1089   684                      37.0429623   27.19584  26.6%  14.0    6s
H 1093   652                      36.5137406   27.24409  25.4%  13.9    7s
  1143   692   27.46284   32  168   36.51374   27.46284  24.8%  18.8   10s
H 1444   817                      36.5137405   27.69961  24.1%  21.4   11s
  4291  2614     cutoff   79        36.51374   28.04509  23.2%  22.6   15s
  8844  5890   29.77289   52  111   36.51374   28.27074  22.6%  23.8   20s
 13109  9344   28.99696   41  113   36.51374   28.41911  22.2%  24.5   25s
 17518 12706   32.92600   59   96   36.51374   28.52403  21.9%  25.1   30s
 22383 16388     cutoff   67        36.51374   28.63517  21.6%  27.4   35s
 26753 19725   32.75411   58  147   36.51374   28.70043  21.4%  28.8   40s
 29955 21417   32.83355   75  210   36.51374   28.74331  21.3%  29.3   50s
 29980 21434   31.29710   58  286   36.51374   28.74331  21.3%  29.3   55s
 29998 21446   35.38879   70  289   36.51374   28.74331  21.3%  29.3   60s
 30016 21458   35.88106   92  343   36.51374   28.74331  21.3%  29.3   65s
 30469 21743   29.56187   77   98   36.51374   28.74331  21.3%  29.7   70s
 33601 23495   30.06290   67  121   36.51374   28.74331  21.3%  29.9   75s
 37085 25434   35.79719  144   60   36.51374   28.74331  21.3%  29.7   80s
 40827 27400   35.09408  127  154   36.51374   28.74331  21.3%  29.2   85s
 45677 29982   35.67682  111   87   36.51374   28.75414  21.3%  28.9   90s
 49718 32109   31.17161   71  132   36.51374   28.82323  21.1%  28.9   95s
 54868 34784   35.22650   83  146   36.51374   28.91860  20.8%  28.7  100s
 59356 36401   29.76062   66   84   36.51374   28.98305  20.6%  28.9  105s
 63740 38803   31.20338   81   98   36.51374   29.02577  20.5%  28.8  110s
 68154 40928   34.28922   87   88   36.51374   29.05706  20.4%  28.6  115s
 71935 42880   30.01962   76  157   36.51374   29.10174  20.3%  28.7  120s
 75658 44625   32.58016   80  180   36.51374   29.12835  20.2%  28.7  125s
 79704 46438   34.54227  231  161   36.51374   29.15014  20.2%  28.7  130s
 83710 48667   31.54360   70  145   36.51374   29.18663  20.1%  28.8  135s
 87235 50027   33.92071   68   81   36.51374   29.21937  20.0%  29.0  140s
 90776 51932   32.21088  110  142   36.51374   29.24837  19.9%  29.2  146s
 94310 53442     cutoff   98        36.51374   29.27726  19.8%  29.3  150s
 97651 56155   31.27790   70  159   36.51374   29.30005  19.8%  29.5  155s
 100926 58382   31.81010  112  157   36.51374   29.31576  19.7%  29.5  160s
 104095 60848   33.75399   69   73   36.51374   29.33774  19.7%  29.7  165s
 108032 63785   32.73741   78  156   36.51374   29.36612  19.6%  29.9  171s
 111250 66326   31.90017   90  157   36.51374   29.38436  19.5%  30.0  175s
 114833 68565   34.09749   99  186   36.51374   29.40580  19.5%  30.1  181s
 116708 70409   31.89936   78  167   36.51374   29.41441  19.4%  30.1  185s
 120964 73638   32.78638   82  131   36.51374   29.43801  19.4%  30.3  191s
 124544 76518   30.70656   69   90   36.51374   29.45774  19.3%  30.3  195s
 127792 79091   35.62374  126   80   36.51374   29.47233  19.3%  30.3  200s
 130683 81195   34.27160   62   72   36.51374   29.48929  19.2%  30.4  205s
 134574 84064   35.24101  119  136   36.51374   29.50526  19.2%  30.5  210s
 137752 86478   32.12142  119  144   36.51374   29.52015  19.2%  30.6  215s
 141941 89777   33.54325   80  154   36.51374   29.53496  19.1%  30.7  220s
H142373 89663                      36.4381768   29.53662  18.9%  30.7  220s
H143473 90198                      36.3237269   29.53874  18.7%  30.7  223s
 144661 91558   31.20991   83  153   36.32373   29.54380  18.7%  30.7  225s
 147844 93883   35.34689   68  140   36.32373   29.55757  18.6%  30.7  230s
 151030 96305   31.71988   70  145   36.32373   29.57333  18.6%  30.8  235s
 154547 99222   34.88306  138  128   36.32373   29.58420  18.6%  30.9  240s
 158708 102261   32.16432   65  100   36.32373   29.59738  18.5%  31.0  245s
 161823 104454   33.45287   78   72   36.32373   29.60959  18.5%  31.1  250s
 165428 107164   32.51288   81  133   36.32373   29.62214  18.4%  31.1  255s
 168567 109174   31.61081   69  125   36.32373   29.63448  18.4%  31.3  260s
 172049 111965   32.96377   69  162   36.32373   29.64635  18.4%  31.3  265s
 176431 114872   32.32293  130  214   36.32373   29.65985  18.3%  31.4  271s
 179806 117442   33.41623  121   72   36.32373   29.67212  18.3%  31.4  275s
 183314 120069   33.36046   92  142   36.32373   29.68379  18.3%  31.4  280s
 186515 122471   30.82772   62  165   36.32373   29.69446  18.3%  31.4  285s
 190742 125611   31.87738   82  115   36.32373   29.70617  18.2%  31.5  291s
 193950 127787   34.46873   96  128   36.32373   29.71847  18.2%  31.5  295s
 196609 129815   35.80245   96  118   36.32373   29.72646  18.2%  31.6  301s
 199198 131298   33.41899   85  101   36.32373   29.73562  18.1%  31.6  305s
 202518 134076   34.77606   68  178   36.32373   29.74570  18.1%  31.7  310s
 205732 136525   31.94098   95  103   36.32373   29.75465  18.1%  31.8  315s
 209791 139666   33.91880  156  151   36.32373   29.76726  18.1%  31.8  321s
 213212 142122     cutoff   80        36.32373   29.77581  18.0%  31.8  325s
 216297 144509   35.75764   91   75   36.32373   29.78449  18.0%  31.9  330s
 219545 146873   32.11869   67  126   36.32373   29.79284  18.0%  31.9  335s
 223633 149824   34.90348  106  163   36.32373   29.80388  17.9%  31.9  341s
H223953 149824                      36.3237245   29.80500  17.9%  31.9  341s
 225943 151520   30.22002   66  152   36.32372   29.81035  17.9%  31.9  345s
 229064 154368   34.59343   78  117   36.32372   29.82066  17.9%  32.0  350s
 232570 156839   32.99456   77  109   36.32372   29.82832  17.9%  32.0  355s
 235552 159165   32.22199  100   91   36.32372   29.83639  17.9%  32.0  360s
H237328 160286                      36.3237234   29.84149  17.8%  32.1  362s
H237422 160286                      36.3237223   29.84173  17.8%  32.1  362s
H237423 160286                      36.3237217   29.84180  17.8%  32.1  362s
H237531 160286                      36.3237214   29.84180  17.8%  32.1  362s
 238726 161749   32.38856   92  111   36.32372   29.84531  17.8%  32.1  365s
 242460 164533   33.58246   84  159   36.32372   29.85395  17.8%  32.1  370s
H244536 165819                      36.3237209   29.85760  17.8%  32.1  373s
 245831 166951   30.72285   59  160   36.32372   29.86181  17.8%  32.1  376s
 248073 168067   33.76330   71  128   36.32372   29.86580  17.8%  32.1  380s
 250530 170450   35.00533   84   91   36.32372   29.87424  17.8%  32.2  385s
 253591 172659   33.64131   89  172   36.32372   29.88226  17.7%  32.2  390s
 256985 175192   33.14723   67   59   36.32372   29.88903  17.7%  32.3  396s
 260133 177228   31.88475   70  145   36.32372   29.89487  17.7%  32.3  401s
 262562 178914   31.79849   99  125   36.32372   29.90106  17.7%  32.4  405s
 265973 181520     cutoff   99        36.32372   29.90699  17.7%  32.5  410s
 269340 184042   34.06454  120  119   36.32372   29.91635  17.6%  32.5  415s
 271907 185606   35.91049   96  152   36.32372   29.92078  17.6%  32.5  420s
 275197 188297   34.37575   78   73   36.32372   29.92682  17.6%  32.6  426s
 277671 190030   34.12199  107  185   36.32372   29.93311  17.6%  32.6  430s
H278669 190604                      36.3237205   29.93472  17.6%  32.6  431s
 280753 192276   32.89150   91  150   36.32372   29.94046  17.6%  32.6  435s
 284032 194848   32.98629   83  170   36.32372   29.94853  17.6%  32.7  441s
 286542 196732   33.73395   96  137   36.32372   29.95407  17.5%  32.7  445s
 289728 199037   31.15268   74  115   36.32372   29.96176  17.5%  32.7  450s
 292912 201604   35.31025   98   80   36.32372   29.96842  17.5%  32.8  455s
 296032 203806   35.59765   97  167   36.32372   29.97279  17.5%  32.8  461s
 298452 205624   33.27163   83   68   36.32372   29.97917  17.5%  32.8  465s
 300640 207233   32.58474   77   92   36.32372   29.98237  17.5%  32.9  470s
 303863 209743   35.86521  109  107   36.32372   29.98799  17.4%  33.0  475s
 306433 211720   31.75423   85  144   36.32372   29.99355  17.4%  33.0  480s
 309797 214074   34.24558  112  117   36.32372   30.00125  17.4%  33.1  485s
 312871 216154     cutoff   76        36.32372   30.00693  17.4%  33.1  491s
 315384 218054   31.84439   73   90   36.32372   30.01133  17.4%  33.1  495s
 317888 219954   33.00325   84  181   36.32372   30.01881  17.4%  33.2  500s
 321455 222561   32.86299   85  121   36.32372   30.02567  17.3%  33.2  505s
 323879 224436   33.45670  103  110   36.32372   30.02941  17.3%  33.2  510s
H323952 224436                      36.3237202   30.02944  17.3%  33.2  510s
 326034 226199   35.41833   98  140   36.32372   30.03366  17.3%  33.3  515s
 328853 227829   32.32722   93  138   36.32372   30.03984  17.3%  33.3  520s
 330420 229504   34.97153  142  130   36.32372   30.04168  17.3%  33.3  525s
 333597 231788   34.39376   99  174   36.32372   30.04760  17.3%  33.3  530s
 337293 234707   31.98179   87  116   36.32372   30.05555  17.3%  33.3  536s
 339790 236516   35.33990   93  130   36.32372   30.06019  17.2%  33.3  540s
 342855 238697   35.86335  184   65   36.32372   30.06638  17.2%  33.4  546s
H344330 239252                      36.3237199   30.06806  17.2%  33.4  547s
 345317 240397   31.68191   73  177   36.32372   30.07028  17.2%  33.4  550s
 347912 242252   32.11847   78  135   36.32372   30.07513  17.2%  33.4  555s
 351292 244841   33.52520  101  109   36.32372   30.08141  17.2%  33.5  561s
 353660 246538   34.68050   79  138   36.32372   30.08613  17.2%  33.5  565s
 356680 248839   33.78798   72  100   36.32372   30.09112  17.2%  33.5  571s
 358767 250402   32.20275   69  130   36.32372   30.09433  17.1%  33.6  576s
 361405 252335   31.09779   63  157   36.32372   30.09902  17.1%  33.6  580s
H363532 253579                      36.3237193   30.10442  17.1%  33.6  583s
 363874 254182   31.60655   68  198   36.32372   30.10525  17.1%  33.6  585s
 366108 255425   32.06811   70   89   36.32372   30.10973  17.1%  33.7  590s
 368457 257303   34.18447   77  140   36.32372   30.11203  17.1%  33.7  595s
 371644 259753   35.37191   95  123   36.32372   30.11954  17.1%  33.7  600s
 374000 261387   35.55937   83  149   36.32372   30.12417  17.1%  33.8  605s
 376455 263223   35.47647   85  113   36.32372   30.12763  17.1%  33.8  610s
 379696 265601   32.91050   79  194   36.32372   30.13318  17.0%  33.9  616s
 382323 267371   32.37653   85  152   36.32372   30.13717  17.0%  33.9  621s
 384522 268932   34.91374   79  148   36.32372   30.14129  17.0%  33.9  625s
 386998 270589   33.05698   75  185   36.32372   30.14661  17.0%  34.0  630s
 389588 272655   32.27646   60   39   36.32372   30.15077  17.0%  34.0  635s
 392041 274350     cutoff   81        36.32372   30.15487  17.0%  34.0  640s
 394292 276168   34.61033   65   65   36.32372   30.15949  17.0%  34.1  645s
 397077 278202   36.13574   77   80   36.32372   30.16348  17.0%  34.1  650s
 399328 279460   32.26021   74  152   36.32372   30.16654  17.0%  34.1  655s
 401529 281643   31.80439  110  169   36.32372   30.17019  16.9%  34.2  661s
 403328 283020   32.50264   73  122   36.32372   30.17291  16.9%  34.2  665s
 406267 285135   31.74656   87  173   36.32372   30.17721  16.9%  34.2  671s
 408862 286978   32.83970   65  219   36.32372   30.18213  16.9%  34.2  676s
 410497 288115   33.71964  105  135   36.32372   30.18543  16.9%  34.3  680s
 413050 290106   32.03203   77  167   36.32372   30.19019  16.9%  34.3  685s
 415287 291791   33.12071   85  212   36.32372   30.19382  16.9%  34.3  691s
 417874 293585   31.39273   73  152   36.32372   30.19859  16.9%  34.4  696s
 419517 294949   31.74237   64  128   36.32372   30.20072  16.9%  34.4  700s
 422101 296899   34.55848  101  117   36.32372   30.20442  16.8%  34.4  706s
 423952 298265   35.98233  110  106   36.32372   30.20678  16.8%  34.5  710s
 426314 299911   33.19826   73  109   36.32372   30.21019  16.8%  34.5  715s
 429007 301495   31.74090   66  135   36.32372   30.21452  16.8%  34.5  721s
 430591 302970   34.87887  109  164   36.32372   30.21739  16.8%  34.5  725s
 432884 304525   33.10712   98  153   36.32372   30.22186  16.8%  34.6  731s
 434535 305860   32.39995  114  143   36.32372   30.22430  16.8%  34.6  735s
 437055 307633   32.23473   79  142   36.32372   30.22909  16.8%  34.7  741s
 438748 308952   33.30115   89  222   36.32372   30.23183  16.8%  34.7  746s
 440484 310273   33.45584   75   51   36.32372   30.23389  16.8%  34.7  750s
 443231 312233   32.51671   97   97   36.32372   30.23752  16.8%  34.8  756s
 445486 313781   35.26982   91   86   36.32372   30.24027  16.7%  34.8  761s
 447286 315027   31.96976   83  126   36.32372   30.24266  16.7%  34.8  765s
 448943 315718   34.17776  103  149   36.32372   30.24505  16.7%  34.9  772s
 449878 316792   33.50702   89  151   36.32372   30.24689  16.7%  34.9  776s
 451229 317963   32.14771   81  122   36.32372   30.24887  16.7%  34.9  780s
 453760 319671   30.46905   61  147   36.32372   30.25362  16.7%  34.9  786s
 455231 320785     cutoff   76        36.32372   30.25539  16.7%  34.9  791s
 457022 322100   33.21742   68  133   36.32372   30.25773  16.7%  35.0  795s
 459393 323825   34.60361   73  125   36.32372   30.26101  16.7%  35.0  801s
 461158 325035   32.55624   78  125   36.32372   30.26291  16.7%  35.0  805s
 463790 326949   34.24430   86  101   36.32372   30.26722  16.7%  35.0  811s
 465276 327938   32.36921   85  130   36.32372   30.26902  16.7%  35.1  815s
 467596 329695   34.88399  145   85   36.32372   30.27195  16.7%  35.1  821s
 469343 330852   32.62574   79  137   36.32372   30.27458  16.7%  35.2  825s
 470849 331911   32.79481   78  103   36.32372   30.27628  16.6%  35.2  830s
 473480 333743   32.07989   82  162   36.32372   30.28118  16.6%  35.2  835s
 475665 335239   34.12038   92  159   36.32372   30.28537  16.6%  35.3  841s
 477231 336465   33.42022  110  180   36.32372   30.28860  16.6%  35.3  845s
 479784 338248   33.15943   67  159   36.32372   30.29158  16.6%  35.3  851s
 481436 339388   32.45148   63  153   36.32372   30.29426  16.6%  35.3  855s
 483821 341252   34.31791   94  188   36.32372   30.29898  16.6%  35.4  862s
 485513 342405   33.53237   88  146   36.32372   30.30100  16.6%  35.4  866s
 487227 343702   35.27930  104  112   36.32372   30.30302  16.6%  35.4  870s
 489521 345582   32.32439   79  146   36.32372   30.30534  16.6%  35.4  876s
 491260 346656   31.34212   66   81   36.32372   30.30677  16.6%  35.5  880s
 492660 347805   35.72273  104  204   36.32372   30.30882  16.6%  35.5  885s
 495065 349452   35.99211   72  163   36.32372   30.31254  16.5%  35.5  891s
 496754 350722   35.66131   73  148   36.32372   30.31431  16.5%  35.5  895s
 498484 351829   30.82654   55  219   36.32372   30.31713  16.5%  35.5  900s
 500869 353624   33.31569   79  163   36.32372   30.32007  16.5%  35.6  906s
 502360 354479   32.17208   67  114   36.32372   30.32234  16.5%  35.6  910s
 504391 356028   34.79149  103  155   36.32372   30.32505  16.5%  35.6  916s
 505938 356931   34.51703   85  154   36.32372   30.32693  16.5%  35.7  920s
 507789 358427   31.82532   97  163   36.32372   30.32888  16.5%  35.7  925s
 509602 359800   31.57169   63  180   36.32372   30.33141  16.5%  35.7  930s
 512261 361673   32.20531   85  157   36.32372   30.33444  16.5%  35.7  937s
 514055 362862 infeasible  153        36.32372   30.33650  16.5%  35.7  941s
 515646 363983   34.78301   75  202   36.32372   30.33830  16.5%  35.7  946s
 517193 365209   31.95312   63  145   36.32372   30.34044  16.5%  35.8  950s
 519477 366773   35.71648  104  110   36.32372   30.34311  16.5%  35.8  956s
 521029 367823   35.96879   71   76   36.32372   30.34523  16.5%  35.8  961s
 522701 368969   34.52449  111  170   36.32372   30.34716  16.5%  35.9  966s
 524400 370150   31.67964   99  137   36.32372   30.34960  16.4%  35.9  970s
 526074 371302   30.98691   62  155   36.32372   30.35226  16.4%  35.9  975s
 527701 372478   32.30127   70  117   36.32372   30.35404  16.4%  35.9  980s
 529289 373669   35.22715   98  109   36.32372   30.35614  16.4%  35.9  985s
 530413 374334   33.09735   76  150   36.32372   30.35711  16.4%  36.0  990s
 532114 375548   31.71159   77  153   36.32372   30.35975  16.4%  36.0  995s
 533491 376642   34.52817   87  208   36.32372   30.36218  16.4%  36.0 1000s
 535239 377842   32.96626  116  164   36.32372   30.36360  16.4%  36.1 1005s
 536976 379048   34.32100  149  151   36.32372   30.36533  16.4%  36.1 1010s
 538629 380379   35.00619  105  106   36.32372   30.36784  16.4%  36.1 1015s
 540318 381653   32.73797   68  128   36.32372   30.37025  16.4%  36.1 1020s
 542087 382734   34.87885  113  134   36.32372   30.37298  16.4%  36.2 1025s
 543879 384154   34.35120  101  181   36.32372   30.37477  16.4%  36.2 1030s
 545559 385253   32.43119   65  121   36.32372   30.37710  16.4%  36.2 1035s
 547386 386193   34.31264   75  147   36.32372   30.37884  16.4%  36.2 1040s
 549724 387908   31.70918   58  159   36.32372   30.38164  16.4%  36.3 1046s
 551317 388827     cutoff  140        36.32372   30.38334  16.4%  36.3 1051s
 552807 389956   31.98870   70  136   36.32372   30.38528  16.3%  36.3 1055s
 554343 390661   36.13614   96  150   36.32372   30.38755  16.3%  36.4 1061s
 555629 391736   34.67908   74   94   36.32372   30.38894  16.3%  36.4 1066s
 557218 393021   36.16717  108  113   36.32372   30.39011  16.3%  36.4 1071s
 558916 394254   32.64859   63  124   36.32372   30.39313  16.3%  36.4 1077s
 559802 394992   35.91737   89   71   36.32372   30.39422  16.3%  36.4 1080s
 561765 396529   32.35795   63  185   36.32372   30.39676  16.3%  36.5 1085s
 564251 398054   33.27008   97  159   36.32372   30.39937  16.3%  36.5 1092s
 565990 399404   34.36264   78  169   36.32372   30.40109  16.3%  36.5 1096s
 567631 400639   31.04967   82  173   36.32372   30.40249  16.3%  36.5 1101s
 569270 401921   33.31152   84   87   36.32372   30.40483  16.3%  36.5 1106s
 570938 403129 infeasible  120        36.32372   30.40672  16.3%  36.5 1111s
 572731 404382   32.33465   95  111   36.32372   30.40863  16.3%  36.6 1116s
 574479 405749   35.05668  109  137   36.32372   30.41015  16.3%  36.6 1121s
 576200 406859   33.49655   74  131   36.32372   30.41216  16.3%  36.6 1126s
 577608 407635   32.72286   72   52   36.32372   30.41406  16.3%  36.6 1130s
 579030 408699   34.58055   72  183   36.32372   30.41543  16.3%  36.7 1135s
 580535 410029   34.62934   74   61   36.32372   30.41743  16.3%  36.7 1141s
 582461 411398   35.80214  101  181   36.32372   30.41997  16.3%  36.7 1146s
 584495 412756   31.76528   65  120   36.32372   30.42248  16.2%  36.7 1152s
 586253 413708   31.77994   64  165   36.32372   30.42387  16.2%  36.7 1157s
 587463 414913   34.56240  147  185   36.32372   30.42601  16.2%  36.8 1162s
 588318 415426   32.45855   96   86   36.32372   30.42696  16.2%  36.8 1165s
 589952 416539   33.82755   69   37   36.32372   30.42863  16.2%  36.8 1170s
 591569 417835   31.15322   71  182   36.32372   30.43113  16.2%  36.8 1175s
 592989 418955   34.63302  110  148   36.32372   30.43283  16.2%  36.8 1180s
 594652 419989   32.05389   70  229   36.32372   30.43510  16.2%  36.9 1185s
 596539 421422   32.83377   94  165   36.32372   30.43673  16.2%  36.9 1190s
 598239 422698   34.70025   73  114   36.32372   30.43889  16.2%  36.9 1196s
 599855 423417   35.20580  101  156   36.32372   30.44072  16.2%  36.9 1200s

Cutting planes:
  Learned: 12
  Gomory: 30
  Lift-and-project: 188
  Cover: 195
  Implied bound: 147
  Projected implied bound: 9
  Clique: 7
  MIR: 623
  StrongCG: 33
  Flow cover: 1062
  Inf proof: 135
  Zero half: 38
  RLT: 15
  Relax-and-lift: 30

Explored 600177 nodes (22173096 simplex iterations) in 1200.09 seconds (1271.29 work units)
Thread count was 8 (of 8 available processors)

Solution count 10: 36.3237 36.3237 36.3237 ... 36.5137

Time limit reached
Best objective 3.632372692666e+01, best bound 3.044084908670e+01, gap 16.1957%
