
Gurobi 9.5.2 (win64) logging started Fri Sep  2 03:16:17 2022

Set parameter LogFile to value "CHU-04.log"
Set parameter TimeLimit to value 1200
Gurobi Optimizer version 9.5.2 build v9.5.2rc0 (win64)
Thread count: 4 physical cores, 8 logical processors, using up to 8 threads
Optimize a model with 3392 rows, 1920 columns and 13120 nonzeros
Model fingerprint: 0xbc8ff328
Variable types: 0 continuous, 1920 integer (1760 binary)
Coefficient statistics:
  Matrix range     [1e+00, 1e+03]
  Objective range  [1e-01, 7e+00]
  Bounds range     [1e+00, 1e+00]
  RHS range        [1e+00, 1e+03]
Presolve removed 1520 rows and 0 columns
Presolve time: 0.03s
Presolved: 1872 rows, 1920 columns, 10000 nonzeros
Variable types: 0 continuous, 1920 integer (1760 binary)
Found heuristic solution: objective 124.8183372

Root relaxation: objective 2.409883e+01, 523 iterations, 0.01 seconds (0.01 work units)

    Nodes    |    Current Node    |     Objective Bounds      |     Work
 Expl Unexpl |  Obj  Depth IntInf | Incumbent    BestBd   Gap | It/Node Time

     0     0   24.09883    0  142  124.81834   24.09883  80.7%     -    0s
H    0     0                      54.3580216   24.09883  55.7%     -    0s
H    0     0                      49.2491915   24.09883  51.1%     -    0s
     0     0   24.14322    0  137   49.24919   24.14322  51.0%     -    0s
     0     0   24.14322    0  132   49.24919   24.14322  51.0%     -    0s
     0     0   24.17958    0  170   49.24919   24.17958  50.9%     -    0s
     0     0   24.31880    0  165   49.24919   24.31880  50.6%     -    0s
H    0     0                      48.0665504   24.31880  49.4%     -    0s
H    0     0                      47.6786425   24.31880  49.0%     -    0s
H    0     0                      46.6942928   24.49300  47.5%     -    0s
     0     0   24.49300    0  171   46.69429   24.49300  47.5%     -    0s
     0     0   24.64406    0  139   46.69429   24.64406  47.2%     -    0s
     0     0   24.82630    0  136   46.69429   24.82630  46.8%     -    0s
     0     0   24.82630    0  130   46.69429   24.82630  46.8%     -    0s
     0     0   24.82672    0  134   46.69429   24.82672  46.8%     -    0s
     0     0   24.82812    0  135   46.69429   24.82812  46.8%     -    0s
     0     0   24.82812    0  138   46.69429   24.82812  46.8%     -    0s
     0     0   24.84127    0  151   46.69429   24.84127  46.8%     -    0s
     0     0   25.03370    0  155   46.69429   25.03370  46.4%     -    0s
     0     0   25.03370    0  149   46.69429   25.03370  46.4%     -    0s
     0     0   25.23762    0  137   46.69429   25.23762  46.0%     -    0s
     0     0   25.24061    0  156   46.69429   25.24061  45.9%     -    0s
     0     0   25.24061    0  151   46.69429   25.24061  45.9%     -    0s
H    0     0                      46.1041845   25.24061  45.3%     -    0s
     0     0   25.24392    0  153   46.10418   25.24392  45.2%     -    0s
     0     0   25.24392    0  153   46.10418   25.24392  45.2%     -    0s
H    0     0                      45.1461542   25.24392  44.1%     -    0s
H    0     0                      43.2673982   25.24392  41.7%     -    0s
     0     0   25.24392    0  168   43.26740   25.24392  41.7%     -    0s
     0     0   25.24392    0  180   43.26740   25.24392  41.7%     -    0s
     0     0   25.24498    0  187   43.26740   25.24498  41.7%     -    0s
     0     0   25.24498    0  185   43.26740   25.24498  41.7%     -    0s
     0     2   25.24519    0  184   43.26740   25.24519  41.7%     -    0s
H  111   122                      43.0582241   25.57626  40.6%  20.3    0s
H  123   122                      42.1926253   25.59025  39.3%  19.4    0s
H  165   166                      41.5127288   25.59025  38.4%  18.9    0s
H  696   632                      41.1058797   25.69511  37.5%  15.3    1s
H  696   629                      40.5256616   25.69511  36.6%  15.3    1s
H  698   629                      40.3868724   25.69511  36.4%  15.4    1s
H 1087   888                      40.1024182   25.80151  35.7%  14.0    1s
H 1092   846                      39.7166552   25.80151  35.0%  13.9    1s
H 1095   805                      39.2632223   25.80151  34.3%  13.9    2s
H 1170   816                      38.9927904   27.32360  29.9%  17.7    3s
H 1491   965                      38.4995679   27.32367  29.0%  21.0    4s
H 1492   926                      38.2888398   27.32367  28.6%  21.0    4s
H 1493   890                      37.8775148   27.32367  27.9%  21.0    4s
H 1494   855                      37.8032713   27.32367  27.7%  21.0    4s
H 1495   822                      36.8590470   27.32367  25.9%  21.0    4s
  1850   995   28.51400   52   67   36.85905   27.32367  25.9%  22.5    5s
H 1933   978                      36.7380507   27.32367  25.6%  22.7    5s
H 3950  2359                      36.2778016   27.54317  24.1%  22.7    7s
  5674  3638   33.74081   62  124   36.27780   27.79196  23.4%  23.3   10s
 13348  9464   32.32085   40  106   36.27780   28.37734  21.8%  24.4   15s
 19757 14167   30.16826   28  141   36.27780   28.61966  21.1%  25.0   20s
 27543 19398     cutoff   79        36.27780   28.79015  20.6%  26.0   25s
 29624 20455   31.12275   44  185   36.27780   28.82770  20.5%  26.3   32s
 29645 20469   34.47511  122  251   36.27780   28.82770  20.5%  26.3   35s
H29661 19455                      36.2778014   28.82770  20.5%  26.3   39s
 29665 19457   33.19057   61  330   36.27780   28.82770  20.5%  26.3   40s
 29688 19473   33.03430   41  359   36.27780   28.82770  20.5%  26.3   45s
 29806 19564   28.82770   40  140   36.27780   28.82770  20.5%  26.7   50s
H30145 18767                      36.0694748   28.82770  20.1%  26.9   51s
 31746 19622   30.01684   76  110   36.06947   28.82770  20.1%  27.1   55s
H32987 19155                      35.9374412   28.82770  19.8%  27.3   56s
H33713 18622                      35.9374409   28.82770  19.8%  27.5   57s
 36440 20241   29.20561   46  144   35.93744   28.82770  19.8%  27.7   60s
 43020 23514   29.10327   49  121   35.93744   28.87387  19.7%  27.7   65s
 47479 25046   30.31414   41  138   35.93744   28.99382  19.3%  28.0   70s
 52546 27633   34.76830   72  108   35.93744   29.06993  19.1%  28.4   75s
 57885 30272   33.21992   82  129   35.93744   29.14432  18.9%  28.5   80s
 64021 32777   31.10372   76  179   35.93744   29.22038  18.7%  28.8   85s
 68719 35065   31.65613   74  171   35.93744   29.26773  18.6%  29.1   90s
 72954 36806   30.58963   45  160   35.93744   29.31370  18.4%  29.0   95s
 78147 39002   33.80126   78  130   35.93744   29.37389  18.3%  28.9  100s
 82115 41368   32.14935   65   90   35.93744   29.41081  18.2%  29.1  105s
 85912 44366   30.19094   52   62   35.93744   29.43501  18.1%  29.2  110s
 89644 47426   30.72603   49  130   35.93744   29.46783  18.0%  29.4  115s
 93974 50435   30.44146   47  117   35.93744   29.50851  17.9%  29.5  120s
 99078 54335   34.80031  255   73   35.93744   29.53876  17.8%  29.6  125s
 103068 57424   32.13700   85  245   35.93744   29.56339  17.7%  29.7  130s
 107859 61139   33.45455   59   80   35.93744   29.58969  17.7%  29.9  135s
 112811 65247   30.47787   46   79   35.93744   29.61179  17.6%  29.9  140s
 117345 68509   30.70274   54  127   35.93744   29.63418  17.5%  29.9  145s
 122147 72635   34.78821   69  128   35.93744   29.66083  17.5%  29.9  150s
 127453 76598   34.17418   73  102   35.93744   29.68716  17.4%  29.9  155s
 131423 79585   34.10461   77   69   35.93744   29.71226  17.3%  29.9  160s
 135984 82896   32.50797   67  140   35.93744   29.73473  17.3%  30.0  165s
 140220 85678   32.31447   61  173   35.93744   29.75043  17.2%  30.0  170s
 143855 88666   31.29835   57  139   35.93744   29.76815  17.2%  30.1  175s
 148974 92693   31.56997   53   67   35.93744   29.78881  17.1%  30.1  180s
 153459 95809   30.24616   45  101   35.93744   29.80407  17.1%  30.3  185s
 157655 98959   33.99371   51  100   35.93744   29.82217  17.0%  30.4  190s
 161950 102312   33.15090   78  164   35.93744   29.83959  17.0%  30.4  195s
 165902 104984   33.84384   92   98   35.93744   29.85168  16.9%  30.5  200s
 169951 108111   33.76954   76  126   35.93744   29.86787  16.9%  30.6  205s
 174057 111106   33.82993   65   48   35.93744   29.88287  16.8%  30.7  210s
 178008 113866   35.69274   79  159   35.93744   29.89667  16.8%  30.8  215s
 182171 116961   31.72594   61  154   35.93744   29.90899  16.8%  30.9  220s
 184889 119108   34.00071   74  132   35.93744   29.91429  16.8%  30.9  225s
 189327 121935   32.83230   55   93   35.93744   29.92843  16.7%  31.0  230s
 193290 125084   34.22298   64  109   35.93744   29.94000  16.7%  31.1  235s
 197386 128103   31.66275   65  131   35.93744   29.94983  16.7%  31.1  240s
 201400 130593   31.22194   61  132   35.93744   29.96071  16.6%  31.2  245s
 205403 133462   33.98160   48  124   35.93744   29.97339  16.6%  31.2  250s
 209018 136044   31.46251   69  119   35.93744   29.98237  16.6%  31.4  255s
 213262 138921   31.64981   61  119   35.93744   29.99200  16.5%  31.4  260s
 216363 141142   31.46266   66  224   35.93744   30.00153  16.5%  31.4  265s
 220599 144184   30.46459   45  101   35.93744   30.01336  16.5%  31.5  270s
 224658 147168   35.41978   82   66   35.93744   30.02404  16.5%  31.5  275s
 228913 150284   34.36329   74  101   35.93744   30.03340  16.4%  31.6  280s
 233114 153207   30.58429   48  151   35.93744   30.04569  16.4%  31.6  285s
 236268 155616   34.33948  117  148   35.93744   30.05231  16.4%  31.7  290s
 239760 158122   34.17826   65  148   35.93744   30.06095  16.4%  31.7  295s
 243909 160976   32.00669   64   88   35.93744   30.07239  16.3%  31.8  300s
 246844 163290   31.28534   50  136   35.93744   30.08019  16.3%  31.8  305s
 251083 166338   31.62165   53  163   35.93744   30.08989  16.3%  31.8  310s
 255387 169303   31.97780   54  111   35.93744   30.09983  16.2%  31.8  315s
 260345 172985   32.64594   80  144   35.93744   30.10991  16.2%  31.8  320s
 264175 175650   33.66770   63  133   35.93744   30.11903  16.2%  31.9  325s
 268409 178635   32.46613   66  121   35.93744   30.12664  16.2%  31.9  330s
 272521 181764   33.18222   66   65   35.93744   30.13540  16.1%  31.9  335s
 276606 184899   32.17160   73  133   35.93744   30.14300  16.1%  31.9  340s
 279001 186756   35.17536  128  122   35.93744   30.14693  16.1%  32.0  345s
 283432 189978   31.44256   54   96   35.93744   30.15507  16.1%  32.0  350s
 286576 192441   32.31341   87   40   35.93744   30.16248  16.1%  32.0  355s
 290812 195381   31.47592   44  148   35.93744   30.17225  16.0%  32.0  360s
 293976 197541 infeasible   66        35.93744   30.17701  16.0%  32.0  365s
 298863 200988   35.39102   68  118   35.93744   30.18694  16.0%  32.1  370s
 302053 203237   35.69857   50  115   35.93744   30.19304  16.0%  32.1  375s
 306259 206276   33.76290   58  103   35.93744   30.20184  16.0%  32.1  380s
 310408 209340   31.50318   56  130   35.93744   30.20820  15.9%  32.1  386s
 313728 211706   35.47216   75   86   35.93744   30.21440  15.9%  32.1  390s
 317265 214099   31.57594   65  130   35.93744   30.21976  15.9%  32.2  395s
 320139 216453   32.70955   97  140   35.93744   30.22509  15.9%  32.2  400s
 323337 218696   31.61081   51  171   35.93744   30.23198  15.9%  32.2  406s
 326578 220785     cutoff   57        35.93744   30.23686  15.9%  32.3  411s
 329639 223050   30.87830   43   98   35.93744   30.24031  15.9%  32.3  415s
 333230 225502   32.43203   48  115   35.93744   30.24639  15.8%  32.3  420s
 336616 227943   30.47001   40  124   35.93744   30.25196  15.8%  32.4  425s
 340875 230814   33.43920   67  138   35.93744   30.25876  15.8%  32.4  430s
 343587 232896   33.91043   56   80   35.93744   30.26382  15.8%  32.4  435s
 347267 235497   31.21590   48   76   35.93744   30.26863  15.8%  32.4  440s
 350874 238220   33.23087   77  187   35.93744   30.27360  15.8%  32.5  445s
 354380 240711   31.21468   55   82   35.93744   30.27922  15.7%  32.5  450s
 357522 242999   30.48999   56  167   35.93744   30.28407  15.7%  32.5  455s
 361347 245538     cutoff   61        35.93744   30.29065  15.7%  32.5  460s
 363043 246734 infeasible  108        35.93744   30.29244  15.7%  32.5  465s
 366164 249062   33.20525   61  159   35.93744   30.29837  15.7%  32.5  470s
 369792 251578   31.81781   51   89   35.93744   30.30382  15.7%  32.6  475s
 373044 254031   33.43500   64  121   35.93744   30.30968  15.7%  32.6  480s
 376497 256416   33.64366   94  139   35.93744   30.31511  15.6%  32.6  485s
 379488 258793   31.82391   52  111   35.93744   30.32055  15.6%  32.6  490s
 382929 261074   35.08510   77   90   35.93744   30.32575  15.6%  32.7  495s
 386190 263471   32.36478   65  134   35.93744   30.33032  15.6%  32.7  500s
 389511 265758   33.56468   75  140   35.93744   30.33424  15.6%  32.7  505s
 392812 268171   34.96722   87  122   35.93744   30.33807  15.6%  32.7  511s
 396242 270506   34.34897   90  178   35.93744   30.34383  15.6%  32.7  515s
 399759 273178   35.69759   81   69   35.93744   30.34986  15.5%  32.8  520s
 403577 275563   31.29848   64  141   35.93744   30.35406  15.5%  32.8  525s
 407084 278038   35.34563   66  125   35.93744   30.35833  15.5%  32.8  530s
 410547 280176   31.94269   50  140   35.93744   30.36464  15.5%  32.8  535s
 413933 282657   33.49327   60   83   35.93744   30.36999  15.5%  32.8  541s
 416481 284154   32.59771   65  132   35.93744   30.37375  15.5%  32.8  545s
 419820 286633   32.48397   49   99   35.93744   30.37834  15.5%  32.9  551s
 422453 288570   33.92016   70  155   35.93744   30.38167  15.5%  32.9  555s
 426050 290978   34.87425  115  153   35.93744   30.38715  15.4%  32.9  560s
 429762 293340   32.49637   61  107   35.93744   30.39211  15.4%  32.9  565s
 432803 295326   34.76974   57   74   35.93744   30.39619  15.4%  32.9  570s
 436406 297734   34.66761   78  101   35.93744   30.40159  15.4%  33.0  575s
 440196 300261   35.33840   66  124   35.93744   30.40675  15.4%  33.0  581s
 442868 302201   32.01274   53  115   35.93744   30.41000  15.4%  33.0  585s
 447257 305245     cutoff   49        35.93744   30.41615  15.4%  33.1  590s
 450906 307764   32.84860   58  141   35.93744   30.42012  15.4%  33.1  595s
 454132 310124   33.14076   59  123   35.93744   30.42383  15.3%  33.1  600s
 457411 312381   30.95991   66  152   35.93744   30.42788  15.3%  33.1  605s
 461358 315321   32.02395   80  131   35.93744   30.43224  15.3%  33.1  610s
 464552 317475   33.19808   65   82   35.93744   30.43591  15.3%  33.1  615s
 468522 320083   32.01095   59   90   35.93744   30.44245  15.3%  33.2  620s
 472102 322564   32.89229   49  115   35.93744   30.44689  15.3%  33.2  625s
 476215 325249   33.83204   82  178   35.93744   30.45172  15.3%  33.2  631s
 479465 327393   35.51016   94  100   35.93744   30.45576  15.3%  33.2  635s
 482682 329814   32.76549   48   71   35.93744   30.46004  15.2%  33.2  640s
 486346 332318   33.79316   63  119   35.93744   30.46401  15.2%  33.2  645s
 489840 334495   31.78478   81  227   35.93744   30.46848  15.2%  33.3  650s
 493245 337088 infeasible   55        35.93744   30.47235  15.2%  33.3  655s
 496471 339161   35.42302  110   90   35.93744   30.47565  15.2%  33.3  660s
 499617 341233   33.35321   75  137   35.93744   30.47895  15.2%  33.3  665s
 503150 343963   33.16460   79  123   35.93744   30.48365  15.2%  33.3  670s
 506694 346289   35.53914  106  122   35.93744   30.48656  15.2%  33.3  676s
 509342 348165 infeasible   72        35.93744   30.48961  15.2%  33.3  680s
 513756 351005   34.55470  103  158   35.93744   30.49442  15.1%  33.3  685s
 516816 353081   33.28241   76   63   35.93744   30.49832  15.1%  33.4  690s
 518763 354492   32.67325   53  103   35.93744   30.50164  15.1%  33.4  695s
 522995 357008   33.45991   93  154   35.93744   30.50704  15.1%  33.4  701s
 525358 358816   31.64015   53  114   35.93744   30.50955  15.1%  33.4  705s
 528851 361092   35.74252  104  149   35.93744   30.51257  15.1%  33.5  711s
 531403 362757   31.66605   57  186   35.93744   30.51469  15.1%  33.5  715s
 534878 365281   32.39391   64   92   35.93744   30.51828  15.1%  33.5  720s
 538857 368114   33.73017   71   94   35.93744   30.52242  15.1%  33.5  726s
 541537 369822   35.51079   91  110   35.93744   30.52529  15.1%  33.5  730s
 544716 372085   32.49838   61   93   35.93744   30.52841  15.1%  33.5  735s
 547963 374378   32.44376   49   88   35.93744   30.53223  15.0%  33.6  740s
 550426 376088   34.13518   61   81   35.93744   30.53498  15.0%  33.6  745s
 553169 378112   32.28002   93  118   35.93744   30.53783  15.0%  33.6  750s
 556828 380346   33.56991   70  140   35.93744   30.54143  15.0%  33.6  755s
 560405 382538   32.47880   59  112   35.93744   30.54494  15.0%  33.6  760s
 563559 384871   32.83423   51   75   35.93744   30.54787  15.0%  33.6  765s
 567139 387486   35.08407  143  160   35.93744   30.55217  15.0%  33.7  770s
 570826 390132   31.54235   46   61   35.93744   30.55569  15.0%  33.7  775s
 574154 392358   32.16797   62  136   35.93744   30.56012  15.0%  33.7  781s
 576631 394012   33.07458   60   92   35.93744   30.56260  15.0%  33.7  785s
 580736 396504   35.16881   61  130   35.93744   30.56634  14.9%  33.7  791s
 583443 398453   31.32279   46  127   35.93744   30.56954  14.9%  33.7  795s
 586711 400634   34.19407   62  103   35.93744   30.57228  14.9%  33.8  800s
 590545 403191   33.48552   67  149   35.93744   30.57609  14.9%  33.8  806s
 593252 404961   33.41427   86  174   35.93744   30.57807  14.9%  33.8  810s
 596953 407772   34.31755   81   98   35.93744   30.58216  14.9%  33.8  815s
 600280 409712   35.87981   65   96   35.93744   30.58487  14.9%  33.8  820s
 603645 411691   31.73558   59  120   35.93744   30.58787  14.9%  33.8  825s
 607066 414139   32.92228   65  146   35.93744   30.59083  14.9%  33.8  831s
 610558 416453   32.48067   52   59   35.93744   30.59460  14.9%  33.8  836s
 613930 418943   33.66432  103  174   35.93744   30.59789  14.9%  33.8  841s
 616499 420665   34.32122   54  183   35.93744   30.60070  14.9%  33.8  845s
 619864 422965   35.21435   80   86   35.93744   30.60432  14.8%  33.8  850s
 623928 425780   34.68881   86  135   35.93744   30.60860  14.8%  33.9  855s
 627489 428194     cutoff   55        35.93744   30.61179  14.8%  33.9  860s
 630563 430291   34.28964   86  160   35.93744   30.61435  14.8%  33.9  865s
 633790 432609   31.51498   57  152   35.93744   30.61805  14.8%  33.9  870s
 636941 434715     cutoff   72        35.93744   30.62122  14.8%  33.9  875s
 640423 437097   33.34857   89   99   35.93744   30.62414  14.8%  33.9  880s
 643744 439442   33.91860   59  175   35.93744   30.62691  14.8%  33.9  885s
 647204 441842     cutoff   66        35.93744   30.63092  14.8%  33.9  890s
 650751 444225   31.37494   63  136   35.93744   30.63420  14.8%  33.9  895s
 653585 446522   34.01878  104  108   35.93744   30.63681  14.7%  34.0  901s
 656079 448248   31.47867   53  175   35.93744   30.63953  14.7%  34.0  905s
 659119 450356     cutoff   64        35.93744   30.64173  14.7%  34.0  910s
 661787 452058   35.43336   81  188   35.93744   30.64431  14.7%  34.0  915s
 665295 454565   32.95494   56  110   35.93744   30.64745  14.7%  34.0  920s
 668108 456224   32.14743   48   52   35.93744   30.64959  14.7%  34.0  925s
 671734 458755 infeasible   70        35.93744   30.65274  14.7%  34.0  931s
 674467 460612   34.04509   69   95   35.93744   30.65525  14.7%  34.0  935s
 678145 463111   33.44102   91  129   35.93744   30.65872  14.7%  34.0  940s
 681714 465470   35.38276   88  182   35.93744   30.66132  14.7%  34.0  945s
 684781 467581   32.13848   52  113   35.93744   30.66359  14.7%  34.0  950s
 687698 469512   33.91224   47   92   35.93744   30.66625  14.7%  34.0  955s
 691406 472017   31.40472   51   82   35.93744   30.66932  14.7%  34.0  960s
 695291 474658   34.35473   66   72   35.93744   30.67234  14.7%  34.1  966s
 697871 476217   35.33833   88  118   35.93744   30.67434  14.6%  34.1  970s
 700523 478198   32.26508   58  111   35.93744   30.67688  14.6%  34.1  975s
 703934 480331   31.30430   68  114   35.93744   30.67991  14.6%  34.1  981s
 706874 482120   31.62158   62  167   35.93744   30.68217  14.6%  34.1  986s
 709668 483939   35.03592   96  137   35.93744   30.68502  14.6%  34.1  991s
 712341 485736   33.25310   60  169   35.93744   30.68731  14.6%  34.1  995s
 715874 488313   35.12447   79  127   35.93744   30.69036  14.6%  34.1 1000s
 719248 490431   32.60974   53  125   35.93744   30.69273  14.6%  34.1 1006s
 722166 492201   32.83396   65  155   35.93744   30.69536  14.6%  34.1 1010s
 725609 494547   33.75355   68   91   35.93744   30.69825  14.6%  34.2 1015s
 728112 496049   32.31203   60  100   35.93744   30.70038  14.6%  34.2 1020s
 730874 497921   31.28461   44   97   35.93744   30.70248  14.6%  34.2 1025s
 734439 500341     cutoff   89        35.93744   30.70574  14.6%  34.2 1031s
 737079 502077 infeasible   87        35.93744   30.70762  14.6%  34.2 1035s
 740735 504453   32.20262   52  141   35.93744   30.71034  14.5%  34.2 1041s
 742942 505858   35.73101   66  128   35.93744   30.71183  14.5%  34.2 1045s
 746436 508173   33.75201   57  134   35.93744   30.71477  14.5%  34.2 1050s
 748947 510092   31.29106   59  126   35.93744   30.71675  14.5%  34.2 1055s
 752657 512634   35.67913   89  188   35.93744   30.72057  14.5%  34.3 1060s
 756121 515031   33.04889   81  107   35.93744   30.72379  14.5%  34.3 1066s
 758817 516620   32.85807   82   83   35.93744   30.72557  14.5%  34.3 1070s
 761285 517981   35.14666   75   84   35.93744   30.72765  14.5%  34.3 1075s
 764685 520271   35.66721   62  105   35.93744   30.73027  14.5%  34.3 1080s
 767531 522309   32.93970   65   85   35.93744   30.73247  14.5%  34.3 1085s
 771011 524788   33.58619   64  145   35.93744   30.73521  14.5%  34.3 1091s
 774297 526744   32.43323   50  109   35.93744   30.73840  14.5%  34.3 1096s
 776761 528376   34.02021  115  140   35.93744   30.74013  14.5%  34.3 1100s
 780500 530829   31.97924   61   97   35.93744   30.74270  14.5%  34.3 1106s
 783205 532783   35.03968   83  120   35.93744   30.74545  14.4%  34.4 1110s
 786849 535082   32.63931   52  110   35.93744   30.74858  14.4%  34.4 1115s
 789650 537065   33.94445   79   69   35.93744   30.75022  14.4%  34.4 1120s
 793217 539230   33.91352   68  141   35.93744   30.75334  14.4%  34.4 1125s
 795933 540858   33.23251   54   71   35.93744   30.75507  14.4%  34.4 1130s
 799709 543589   34.71355   81  103   35.93744   30.75826  14.4%  34.4 1135s
 803399 545955   32.41364   47  108   35.93744   30.76080  14.4%  34.4 1141s
 806058 547563     cutoff   77        35.93744   30.76261  14.4%  34.4 1145s
 808619 549185   32.69002   55  146   35.93744   30.76457  14.4%  34.4 1150s
H809125 549185                      35.9374397   30.76483  14.4%  34.4 1150s
H809308 549571                      35.9374393   30.76493  14.4%  34.4 1152s
H809308 549571                      35.9374386   30.76493  14.4%  34.4 1152s
H809705 549571                      35.9374379   30.76526  14.4%  34.4 1152s
H809929 550144                      35.9374375   30.76545  14.4%  34.5 1153s
H810009 550144                      35.9374363   30.76545  14.4%  34.5 1153s
H810117 550144                      35.9374362   30.76550  14.4%  34.5 1153s
 810821 550776   31.44350   46  109   35.93744   30.76624  14.4%  34.5 1155s
 814943 553590   34.31845  105  131   35.93744   30.76937  14.4%  34.5 1161s
 817321 555176   32.00329   66   93   35.93744   30.77102  14.4%  34.5 1165s
H818318 555785                      35.9374341   30.77168  14.4%  34.5 1167s
H819485 556358                      35.9374326   30.77253  14.4%  34.5 1168s
H819574 556358                      35.9374320   30.77258  14.4%  34.5 1168s
H819926 557119                      35.9374305   30.77306  14.4%  34.5 1170s
 823632 559601   32.82994   74  195   35.93743   30.77591  14.4%  34.5 1175s
 826684 561598   31.72597   61  214   35.93743   30.77759  14.4%  34.5 1180s
 830036 563722   34.90810   64  141   35.93743   30.78058  14.3%  34.5 1185s
 833752 566119   31.21091   56   86   35.93743   30.78367  14.3%  34.5 1190s
 837212 568507   35.47921   74   74   35.93743   30.78653  14.3%  34.5 1196s
 839801 570141   35.47476   71  127   35.93743   30.78866  14.3%  34.5 1200s

Cutting planes:
  Learned: 38
  Gomory: 41
  Lift-and-project: 199
  Cover: 210
  Implied bound: 229
  Projected implied bound: 18
  Clique: 5
  MIR: 200
  StrongCG: 26
  Flow cover: 361
  Inf proof: 257
  Zero half: 63
  RLT: 43
  Relax-and-lift: 56

Explored 840684 nodes (29028277 simplex iterations) in 1200.05 seconds (1470.35 work units)
Thread count was 8 (of 8 available processors)

Solution count 10: 35.9374 35.9374 35.9374 ... 35.9374

Time limit reached
Best objective 3.593744120381e+01, best bound 3.078876257434e+01, gap 14.3268%
